{"/Users/eriicafes/Developer/node/commandstruct/src/arg.ts": {"path":"/Users/eriicafes/Developer/node/commandstruct/src/arg.ts","all":false,"statementMap":{"0":{"start":{"line":1,"column":0},"end":{"line":1,"column":44}},"1":{"start":{"line":2,"column":0},"end":{"line":2,"column":0}},"2":{"start":{"line":3,"column":0},"end":{"line":3,"column":38}},"3":{"start":{"line":4,"column":0},"end":{"line":4,"column":0}},"4":{"start":{"line":5,"column":0},"end":{"line":5,"column":54}},"5":{"start":{"line":6,"column":0},"end":{"line":6,"column":21}},"6":{"start":{"line":7,"column":0},"end":{"line":7,"column":33}},"7":{"start":{"line":8,"column":0},"end":{"line":8,"column":5}},"8":{"start":{"line":9,"column":0},"end":{"line":9,"column":0}},"9":{"start":{"line":10,"column":0},"end":{"line":10,"column":60}},"10":{"start":{"line":11,"column":0},"end":{"line":11,"column":94}},"11":{"start":{"line":12,"column":0},"end":{"line":12,"column":1}},"12":{"start":{"line":13,"column":0},"end":{"line":13,"column":0}},"13":{"start":{"line":14,"column":0},"end":{"line":14,"column":47}},"14":{"start":{"line":15,"column":0},"end":{"line":15,"column":44}},"15":{"start":{"line":16,"column":0},"end":{"line":16,"column":0}},"16":{"start":{"line":17,"column":0},"end":{"line":17,"column":40}},"17":{"start":{"line":18,"column":0},"end":{"line":18,"column":36}},"18":{"start":{"line":19,"column":0},"end":{"line":19,"column":38}},"19":{"start":{"line":20,"column":0},"end":{"line":20,"column":5}},"20":{"start":{"line":21,"column":0},"end":{"line":21,"column":0}},"21":{"start":{"line":22,"column":0},"end":{"line":22,"column":38}},"22":{"start":{"line":23,"column":0},"end":{"line":23,"column":16}},"23":{"start":{"line":24,"column":0},"end":{"line":24,"column":28}},"24":{"start":{"line":25,"column":0},"end":{"line":25,"column":9}},"25":{"start":{"line":26,"column":0},"end":{"line":26,"column":5}},"26":{"start":{"line":27,"column":0},"end":{"line":27,"column":0}},"27":{"start":{"line":28,"column":0},"end":{"line":28,"column":52}},"28":{"start":{"line":29,"column":0},"end":{"line":29,"column":56}},"29":{"start":{"line":30,"column":0},"end":{"line":30,"column":31}},"30":{"start":{"line":31,"column":0},"end":{"line":31,"column":5}},"31":{"start":{"line":32,"column":0},"end":{"line":32,"column":1}},"32":{"start":{"line":33,"column":0},"end":{"line":33,"column":0}},"33":{"start":{"line":34,"column":0},"end":{"line":34,"column":23}},"34":{"start":{"line":35,"column":0},"end":{"line":35,"column":30}},"35":{"start":{"line":36,"column":0},"end":{"line":36,"column":1}}},"s":{"0":1,"1":1,"2":1,"3":1,"4":1,"5":1,"6":1,"7":1,"8":1,"9":1,"10":1,"11":1,"12":1,"13":1,"14":1,"15":1,"16":1,"17":3,"18":3,"19":3,"20":1,"21":1,"22":8,"23":8,"24":8,"25":8,"26":1,"27":1,"28":8,"29":3,"30":8,"31":1,"32":1,"33":1,"34":8,"35":8},"branchMap":{"0":{"type":"branch","line":15,"loc":{"start":{"line":15,"column":11},"end":{"line":15,"column":44}},"locations":[{"start":{"line":15,"column":11},"end":{"line":15,"column":44}}]},"1":{"type":"branch","line":17,"loc":{"start":{"line":17,"column":11},"end":{"line":20,"column":5}},"locations":[{"start":{"line":17,"column":11},"end":{"line":20,"column":5}}]},"2":{"type":"branch","line":22,"loc":{"start":{"line":22,"column":18},"end":{"line":26,"column":5}},"locations":[{"start":{"line":22,"column":18},"end":{"line":26,"column":5}}]},"3":{"type":"branch","line":28,"loc":{"start":{"line":28,"column":18},"end":{"line":31,"column":5}},"locations":[{"start":{"line":28,"column":18},"end":{"line":31,"column":5}}]},"4":{"type":"branch","line":29,"loc":{"start":{"line":29,"column":38},"end":{"line":29,"column":56}},"locations":[{"start":{"line":29,"column":38},"end":{"line":29,"column":56}}]},"5":{"type":"branch","line":29,"loc":{"start":{"line":29,"column":53},"end":{"line":30,"column":31}},"locations":[{"start":{"line":29,"column":53},"end":{"line":30,"column":31}}]},"6":{"type":"branch","line":34,"loc":{"start":{"line":34,"column":7},"end":{"line":36,"column":1}},"locations":[{"start":{"line":34,"column":7},"end":{"line":36,"column":1}}]}},"b":{"0":[8],"1":[3],"2":[8],"3":[8],"4":[5],"5":[3],"6":[8]},"fnMap":{"0":{"name":"Arg","decl":{"start":{"line":15,"column":11},"end":{"line":15,"column":44}},"loc":{"start":{"line":15,"column":11},"end":{"line":15,"column":44}},"line":15},"1":{"name":"optional","decl":{"start":{"line":17,"column":11},"end":{"line":20,"column":5}},"loc":{"start":{"line":17,"column":11},"end":{"line":20,"column":5}},"line":17},"2":{"name":"toObject","decl":{"start":{"line":22,"column":18},"end":{"line":26,"column":5}},"loc":{"start":{"line":22,"column":18},"end":{"line":26,"column":5}},"line":22},"3":{"name":"toString","decl":{"start":{"line":28,"column":18},"end":{"line":31,"column":5}},"loc":{"start":{"line":28,"column":18},"end":{"line":31,"column":5}},"line":28},"4":{"name":"arg","decl":{"start":{"line":34,"column":7},"end":{"line":36,"column":1}},"loc":{"start":{"line":34,"column":7},"end":{"line":36,"column":1}},"line":34}},"f":{"0":8,"1":3,"2":8,"3":8,"4":8}}
,"/Users/eriicafes/Developer/node/commandstruct/src/command.ts": {"path":"/Users/eriicafes/Developer/node/commandstruct/src/command.ts","all":false,"statementMap":{"0":{"start":{"line":1,"column":0},"end":{"line":1,"column":117}},"1":{"start":{"line":2,"column":0},"end":{"line":2,"column":27}},"2":{"start":{"line":3,"column":0},"end":{"line":3,"column":39}},"3":{"start":{"line":4,"column":0},"end":{"line":4,"column":42}},"4":{"start":{"line":5,"column":0},"end":{"line":5,"column":39}},"5":{"start":{"line":6,"column":0},"end":{"line":6,"column":69}},"6":{"start":{"line":7,"column":0},"end":{"line":7,"column":0}},"7":{"start":{"line":8,"column":0},"end":{"line":8,"column":23}},"8":{"start":{"line":9,"column":0},"end":{"line":9,"column":46}},"9":{"start":{"line":10,"column":0},"end":{"line":10,"column":37}},"10":{"start":{"line":11,"column":0},"end":{"line":11,"column":5}},"11":{"start":{"line":12,"column":0},"end":{"line":12,"column":18}},"12":{"start":{"line":13,"column":0},"end":{"line":13,"column":31}},"13":{"start":{"line":14,"column":0},"end":{"line":14,"column":33}},"14":{"start":{"line":15,"column":0},"end":{"line":15,"column":38}},"15":{"start":{"line":16,"column":0},"end":{"line":16,"column":83}},"16":{"start":{"line":17,"column":0},"end":{"line":17,"column":1}},"17":{"start":{"line":18,"column":0},"end":{"line":18,"column":0}},"18":{"start":{"line":19,"column":0},"end":{"line":19,"column":103}},"19":{"start":{"line":20,"column":0},"end":{"line":20,"column":69}},"20":{"start":{"line":21,"column":0},"end":{"line":21,"column":1}},"21":{"start":{"line":22,"column":0},"end":{"line":22,"column":0}},"22":{"start":{"line":23,"column":0},"end":{"line":23,"column":20}},"23":{"start":{"line":24,"column":0},"end":{"line":24,"column":24}},"24":{"start":{"line":25,"column":0},"end":{"line":25,"column":37}},"25":{"start":{"line":26,"column":0},"end":{"line":26,"column":39}},"26":{"start":{"line":27,"column":0},"end":{"line":27,"column":46}},"27":{"start":{"line":28,"column":0},"end":{"line":28,"column":37}},"28":{"start":{"line":29,"column":0},"end":{"line":29,"column":47}},"29":{"start":{"line":30,"column":0},"end":{"line":30,"column":88}},"30":{"start":{"line":31,"column":0},"end":{"line":31,"column":5}},"31":{"start":{"line":32,"column":0},"end":{"line":32,"column":14}},"32":{"start":{"line":33,"column":0},"end":{"line":33,"column":35}},"33":{"start":{"line":34,"column":0},"end":{"line":34,"column":21}},"34":{"start":{"line":35,"column":0},"end":{"line":35,"column":22}},"35":{"start":{"line":36,"column":0},"end":{"line":36,"column":14}},"36":{"start":{"line":37,"column":0},"end":{"line":37,"column":16}},"37":{"start":{"line":38,"column":0},"end":{"line":38,"column":13}},"38":{"start":{"line":39,"column":0},"end":{"line":39,"column":124}},"39":{"start":{"line":40,"column":0},"end":{"line":40,"column":29}},"40":{"start":{"line":41,"column":0},"end":{"line":41,"column":27}},"41":{"start":{"line":42,"column":0},"end":{"line":42,"column":136}},"42":{"start":{"line":43,"column":0},"end":{"line":43,"column":1}},"43":{"start":{"line":44,"column":0},"end":{"line":44,"column":0}},"44":{"start":{"line":45,"column":0},"end":{"line":45,"column":57}},"45":{"start":{"line":46,"column":0},"end":{"line":46,"column":0}},"46":{"start":{"line":47,"column":0},"end":{"line":47,"column":21}},"47":{"start":{"line":48,"column":0},"end":{"line":48,"column":24}},"48":{"start":{"line":49,"column":0},"end":{"line":49,"column":37}},"49":{"start":{"line":50,"column":0},"end":{"line":50,"column":39}},"50":{"start":{"line":51,"column":0},"end":{"line":51,"column":46}},"51":{"start":{"line":52,"column":0},"end":{"line":52,"column":37}},"52":{"start":{"line":53,"column":0},"end":{"line":53,"column":3}},"53":{"start":{"line":54,"column":0},"end":{"line":54,"column":101}},"54":{"start":{"line":55,"column":0},"end":{"line":55,"column":0}},"55":{"start":{"line":56,"column":0},"end":{"line":56,"column":68}},"56":{"start":{"line":57,"column":0},"end":{"line":57,"column":98}},"57":{"start":{"line":58,"column":0},"end":{"line":58,"column":128}},"58":{"start":{"line":59,"column":0},"end":{"line":59,"column":54}},"59":{"start":{"line":60,"column":0},"end":{"line":60,"column":10}},"60":{"start":{"line":61,"column":0},"end":{"line":61,"column":79}},"61":{"start":{"line":62,"column":0},"end":{"line":62,"column":77}},"62":{"start":{"line":63,"column":0},"end":{"line":63,"column":0}},"63":{"start":{"line":64,"column":0},"end":{"line":64,"column":50}},"64":{"start":{"line":65,"column":0},"end":{"line":65,"column":0}},"65":{"start":{"line":66,"column":0},"end":{"line":66,"column":39}},"66":{"start":{"line":67,"column":0},"end":{"line":67,"column":50}},"67":{"start":{"line":68,"column":0},"end":{"line":68,"column":71}},"68":{"start":{"line":69,"column":0},"end":{"line":69,"column":40}},"69":{"start":{"line":70,"column":0},"end":{"line":70,"column":126}},"70":{"start":{"line":71,"column":0},"end":{"line":71,"column":91}},"71":{"start":{"line":72,"column":0},"end":{"line":72,"column":36}},"72":{"start":{"line":73,"column":0},"end":{"line":73,"column":51}},"73":{"start":{"line":74,"column":0},"end":{"line":74,"column":44}},"74":{"start":{"line":75,"column":0},"end":{"line":75,"column":40}},"75":{"start":{"line":76,"column":0},"end":{"line":76,"column":32}},"76":{"start":{"line":77,"column":0},"end":{"line":77,"column":37}},"77":{"start":{"line":78,"column":0},"end":{"line":78,"column":102}},"78":{"start":{"line":79,"column":0},"end":{"line":79,"column":81}},"79":{"start":{"line":80,"column":0},"end":{"line":80,"column":48}},"80":{"start":{"line":81,"column":0},"end":{"line":81,"column":22}},"81":{"start":{"line":82,"column":0},"end":{"line":82,"column":18}},"82":{"start":{"line":83,"column":0},"end":{"line":83,"column":13}},"83":{"start":{"line":84,"column":0},"end":{"line":84,"column":9}},"84":{"start":{"line":85,"column":0},"end":{"line":85,"column":0}},"85":{"start":{"line":86,"column":0},"end":{"line":86,"column":52}},"86":{"start":{"line":87,"column":0},"end":{"line":87,"column":39}},"87":{"start":{"line":88,"column":0},"end":{"line":88,"column":127}},"88":{"start":{"line":89,"column":0},"end":{"line":89,"column":133}},"89":{"start":{"line":90,"column":0},"end":{"line":90,"column":10}},"90":{"start":{"line":91,"column":0},"end":{"line":91,"column":50}},"91":{"start":{"line":92,"column":0},"end":{"line":92,"column":5}},"92":{"start":{"line":93,"column":0},"end":{"line":93,"column":1}},"93":{"start":{"line":94,"column":0},"end":{"line":94,"column":0}},"94":{"start":{"line":95,"column":0},"end":{"line":95,"column":21}},"95":{"start":{"line":96,"column":0},"end":{"line":96,"column":24}},"96":{"start":{"line":97,"column":0},"end":{"line":97,"column":37}},"97":{"start":{"line":98,"column":0},"end":{"line":98,"column":39}},"98":{"start":{"line":99,"column":0},"end":{"line":99,"column":46}},"99":{"start":{"line":100,"column":0},"end":{"line":100,"column":37}},"100":{"start":{"line":101,"column":0},"end":{"line":101,"column":47}},"101":{"start":{"line":102,"column":0},"end":{"line":102,"column":3}},"102":{"start":{"line":103,"column":0},"end":{"line":103,"column":168}},"103":{"start":{"line":104,"column":0},"end":{"line":104,"column":0}},"104":{"start":{"line":105,"column":0},"end":{"line":105,"column":29}},"105":{"start":{"line":106,"column":0},"end":{"line":106,"column":24}},"106":{"start":{"line":107,"column":0},"end":{"line":107,"column":17}},"107":{"start":{"line":108,"column":0},"end":{"line":108,"column":35}},"108":{"start":{"line":109,"column":0},"end":{"line":109,"column":24}},"109":{"start":{"line":110,"column":0},"end":{"line":110,"column":25}},"110":{"start":{"line":111,"column":0},"end":{"line":111,"column":29}},"111":{"start":{"line":112,"column":0},"end":{"line":112,"column":31}},"112":{"start":{"line":113,"column":0},"end":{"line":113,"column":28}},"113":{"start":{"line":114,"column":0},"end":{"line":114,"column":9}},"114":{"start":{"line":115,"column":0},"end":{"line":115,"column":5}},"115":{"start":{"line":116,"column":0},"end":{"line":116,"column":0}},"116":{"start":{"line":117,"column":0},"end":{"line":117,"column":42}},"117":{"start":{"line":118,"column":0},"end":{"line":118,"column":46}},"118":{"start":{"line":119,"column":0},"end":{"line":119,"column":19}},"119":{"start":{"line":120,"column":0},"end":{"line":120,"column":5}},"120":{"start":{"line":121,"column":0},"end":{"line":121,"column":0}},"121":{"start":{"line":122,"column":0},"end":{"line":122,"column":40}},"122":{"start":{"line":123,"column":0},"end":{"line":123,"column":45}},"123":{"start":{"line":124,"column":0},"end":{"line":124,"column":19}},"124":{"start":{"line":125,"column":0},"end":{"line":125,"column":5}},"125":{"start":{"line":126,"column":0},"end":{"line":126,"column":0}},"126":{"start":{"line":127,"column":0},"end":{"line":127,"column":37}},"127":{"start":{"line":128,"column":0},"end":{"line":128,"column":43}},"128":{"start":{"line":129,"column":0},"end":{"line":129,"column":19}},"129":{"start":{"line":130,"column":0},"end":{"line":130,"column":5}},"130":{"start":{"line":131,"column":0},"end":{"line":131,"column":0}},"131":{"start":{"line":132,"column":0},"end":{"line":132,"column":100}},"132":{"start":{"line":133,"column":0},"end":{"line":133,"column":51}},"133":{"start":{"line":134,"column":0},"end":{"line":134,"column":138}},"134":{"start":{"line":135,"column":0},"end":{"line":135,"column":5}},"135":{"start":{"line":136,"column":0},"end":{"line":136,"column":0}},"136":{"start":{"line":137,"column":0},"end":{"line":137,"column":105}},"137":{"start":{"line":138,"column":0},"end":{"line":138,"column":54}},"138":{"start":{"line":139,"column":0},"end":{"line":139,"column":139}},"139":{"start":{"line":140,"column":0},"end":{"line":140,"column":5}},"140":{"start":{"line":141,"column":0},"end":{"line":141,"column":0}},"141":{"start":{"line":142,"column":0},"end":{"line":142,"column":107}},"142":{"start":{"line":143,"column":0},"end":{"line":143,"column":139}},"143":{"start":{"line":144,"column":0},"end":{"line":144,"column":5}},"144":{"start":{"line":145,"column":0},"end":{"line":145,"column":0}},"145":{"start":{"line":146,"column":0},"end":{"line":146,"column":90}},"146":{"start":{"line":147,"column":0},"end":{"line":147,"column":160}},"147":{"start":{"line":148,"column":0},"end":{"line":148,"column":5}},"148":{"start":{"line":149,"column":0},"end":{"line":149,"column":0}},"149":{"start":{"line":150,"column":0},"end":{"line":150,"column":55}},"150":{"start":{"line":151,"column":0},"end":{"line":151,"column":99}},"151":{"start":{"line":152,"column":0},"end":{"line":152,"column":35}},"152":{"start":{"line":153,"column":0},"end":{"line":153,"column":7}},"153":{"start":{"line":154,"column":0},"end":{"line":154,"column":64}},"154":{"start":{"line":155,"column":0},"end":{"line":155,"column":180}},"155":{"start":{"line":156,"column":0},"end":{"line":156,"column":5}},"156":{"start":{"line":157,"column":0},"end":{"line":157,"column":0}},"157":{"start":{"line":158,"column":0},"end":{"line":158,"column":128}},"158":{"start":{"line":159,"column":0},"end":{"line":159,"column":22}},"159":{"start":{"line":160,"column":0},"end":{"line":160,"column":7}},"160":{"start":{"line":161,"column":0},"end":{"line":161,"column":92}},"161":{"start":{"line":162,"column":0},"end":{"line":162,"column":93}},"162":{"start":{"line":163,"column":0},"end":{"line":163,"column":37}},"163":{"start":{"line":164,"column":0},"end":{"line":164,"column":19}},"164":{"start":{"line":165,"column":0},"end":{"line":165,"column":5}},"165":{"start":{"line":166,"column":0},"end":{"line":166,"column":0}},"166":{"start":{"line":167,"column":0},"end":{"line":167,"column":18}},"167":{"start":{"line":168,"column":0},"end":{"line":168,"column":13}},"168":{"start":{"line":169,"column":0},"end":{"line":169,"column":128}},"169":{"start":{"line":170,"column":0},"end":{"line":170,"column":87}},"170":{"start":{"line":171,"column":0},"end":{"line":171,"column":31}},"171":{"start":{"line":172,"column":0},"end":{"line":172,"column":7}},"172":{"start":{"line":173,"column":0},"end":{"line":173,"column":27}},"173":{"start":{"line":174,"column":0},"end":{"line":174,"column":17}},"174":{"start":{"line":175,"column":0},"end":{"line":175,"column":17}},"175":{"start":{"line":176,"column":0},"end":{"line":176,"column":18}},"176":{"start":{"line":177,"column":0},"end":{"line":177,"column":25}},"177":{"start":{"line":178,"column":0},"end":{"line":178,"column":16}},"178":{"start":{"line":179,"column":0},"end":{"line":179,"column":42}},"179":{"start":{"line":180,"column":0},"end":{"line":180,"column":5}},"180":{"start":{"line":181,"column":0},"end":{"line":181,"column":1}},"181":{"start":{"line":182,"column":0},"end":{"line":182,"column":0}},"182":{"start":{"line":183,"column":0},"end":{"line":183,"column":113}},"183":{"start":{"line":184,"column":0},"end":{"line":184,"column":35}},"184":{"start":{"line":185,"column":0},"end":{"line":185,"column":1}}},"s":{"0":1,"1":1,"2":1,"3":1,"4":1,"5":1,"6":1,"7":1,"8":1,"9":1,"10":1,"11":1,"12":1,"13":1,"14":1,"15":1,"16":1,"17":1,"18":1,"19":1,"20":1,"21":1,"22":1,"23":1,"24":1,"25":1,"26":1,"27":1,"28":1,"29":1,"30":1,"31":1,"32":1,"33":1,"34":1,"35":1,"36":1,"37":1,"38":1,"39":1,"40":1,"41":1,"42":1,"43":1,"44":1,"45":1,"46":1,"47":1,"48":1,"49":1,"50":1,"51":1,"52":1,"53":1,"54":1,"55":1,"56":44,"57":44,"58":44,"59":44,"60":44,"61":44,"62":43,"63":43,"64":43,"65":43,"66":43,"67":44,"68":7,"69":7,"70":1,"71":7,"72":7,"73":1,"74":1,"75":1,"76":1,"77":1,"78":1,"79":1,"80":1,"81":1,"82":1,"83":7,"84":37,"85":44,"86":44,"87":27,"88":27,"89":44,"90":44,"91":44,"92":1,"93":1,"94":1,"95":1,"96":1,"97":1,"98":1,"99":1,"100":1,"101":1,"102":1,"103":1,"104":1,"105":23,"106":23,"107":23,"108":23,"109":23,"110":23,"111":23,"112":23,"113":23,"114":23,"115":1,"116":1,"117":0,"118":0,"119":0,"120":1,"121":1,"122":0,"123":0,"124":0,"125":1,"126":1,"127":0,"128":0,"129":0,"130":1,"131":1,"132":4,"133":4,"134":4,"135":1,"136":1,"137":11,"138":11,"139":11,"140":1,"141":1,"142":0,"143":0,"144":1,"145":1,"146":2,"147":2,"148":1,"149":1,"150":2,"151":2,"152":2,"153":2,"154":2,"155":2,"156":1,"157":1,"158":1,"159":1,"160":1,"161":1,"162":1,"163":1,"164":1,"165":1,"166":1,"167":23,"168":23,"169":23,"170":23,"171":23,"172":23,"173":23,"174":23,"175":23,"176":23,"177":23,"178":23,"179":23,"180":1,"181":1,"182":1,"183":23,"184":23},"branchMap":{"0":{"type":"branch","line":54,"loc":{"start":{"line":54,"column":4},"end":{"line":54,"column":101}},"locations":[{"start":{"line":54,"column":4},"end":{"line":54,"column":101}}]},"1":{"type":"branch","line":56,"loc":{"start":{"line":56,"column":11},"end":{"line":92,"column":5}},"locations":[{"start":{"line":56,"column":11},"end":{"line":92,"column":5}}]},"2":{"type":"branch","line":59,"loc":{"start":{"line":59,"column":21},"end":{"line":59,"column":54}},"locations":[{"start":{"line":59,"column":21},"end":{"line":59,"column":54}}]},"3":{"type":"branch","line":61,"loc":{"start":{"line":61,"column":41},"end":{"line":61,"column":79}},"locations":[{"start":{"line":61,"column":41},"end":{"line":61,"column":79}}]},"4":{"type":"branch","line":61,"loc":{"start":{"line":61,"column":78},"end":{"line":62,"column":61}},"locations":[{"start":{"line":61,"column":78},"end":{"line":62,"column":61}}]},"5":{"type":"branch","line":62,"loc":{"start":{"line":62,"column":53},"end":{"line":62,"column":77}},"locations":[{"start":{"line":62,"column":53},"end":{"line":62,"column":77}}]},"6":{"type":"branch","line":62,"loc":{"start":{"line":62,"column":76},"end":{"line":68,"column":70}},"locations":[{"start":{"line":62,"column":76},"end":{"line":68,"column":70}}]},"7":{"type":"branch","line":68,"loc":{"start":{"line":68,"column":70},"end":{"line":84,"column":9}},"locations":[{"start":{"line":68,"column":70},"end":{"line":84,"column":9}}]},"8":{"type":"branch","line":70,"loc":{"start":{"line":70,"column":16},"end":{"line":70,"column":40}},"locations":[{"start":{"line":70,"column":16},"end":{"line":70,"column":40}}]},"9":{"type":"branch","line":70,"loc":{"start":{"line":70,"column":40},"end":{"line":70,"column":126}},"locations":[{"start":{"line":70,"column":40},"end":{"line":70,"column":126}}]},"10":{"type":"branch","line":70,"loc":{"start":{"line":70,"column":125},"end":{"line":71,"column":91}},"locations":[{"start":{"line":70,"column":125},"end":{"line":71,"column":91}}]},"11":{"type":"branch","line":71,"loc":{"start":{"line":71,"column":29},"end":{"line":71,"column":91}},"locations":[{"start":{"line":71,"column":29},"end":{"line":71,"column":91}}]},"12":{"type":"branch","line":73,"loc":{"start":{"line":73,"column":50},"end":{"line":83,"column":13}},"locations":[{"start":{"line":73,"column":50},"end":{"line":83,"column":13}}]},"13":{"type":"branch","line":84,"loc":{"start":{"line":84,"column":8},"end":{"line":86,"column":37}},"locations":[{"start":{"line":84,"column":8},"end":{"line":86,"column":37}}]},"14":{"type":"branch","line":86,"loc":{"start":{"line":86,"column":26},"end":{"line":86,"column":50}},"locations":[{"start":{"line":86,"column":26},"end":{"line":86,"column":50}}]},"15":{"type":"branch","line":86,"loc":{"start":{"line":86,"column":37},"end":{"line":86,"column":52}},"locations":[{"start":{"line":86,"column":37},"end":{"line":86,"column":52}}]},"16":{"type":"branch","line":91,"loc":{"start":{"line":91,"column":44},"end":{"line":91,"column":50}},"locations":[{"start":{"line":91,"column":44},"end":{"line":91,"column":50}}]},"17":{"type":"branch","line":91,"loc":{"start":{"line":91,"column":49},"end":{"line":91,"column":50}},"locations":[{"start":{"line":91,"column":49},"end":{"line":91,"column":50}}]},"18":{"type":"branch","line":74,"loc":{"start":{"line":74,"column":37},"end":{"line":82,"column":17}},"locations":[{"start":{"line":74,"column":37},"end":{"line":82,"column":17}}]},"19":{"type":"branch","line":78,"loc":{"start":{"line":78,"column":36},"end":{"line":78,"column":82}},"locations":[{"start":{"line":78,"column":36},"end":{"line":78,"column":82}}]},"20":{"type":"branch","line":79,"loc":{"start":{"line":79,"column":51},"end":{"line":79,"column":70}},"locations":[{"start":{"line":79,"column":51},"end":{"line":79,"column":70}}]},"21":{"type":"branch","line":87,"loc":{"start":{"line":87,"column":23},"end":{"line":90,"column":9}},"locations":[{"start":{"line":87,"column":23},"end":{"line":90,"column":9}}]},"22":{"type":"branch","line":105,"loc":{"start":{"line":105,"column":4},"end":{"line":115,"column":5}},"locations":[{"start":{"line":105,"column":4},"end":{"line":115,"column":5}}]},"23":{"type":"branch","line":132,"loc":{"start":{"line":132,"column":11},"end":{"line":135,"column":5}},"locations":[{"start":{"line":132,"column":11},"end":{"line":135,"column":5}}]},"24":{"type":"branch","line":137,"loc":{"start":{"line":137,"column":11},"end":{"line":140,"column":5}},"locations":[{"start":{"line":137,"column":11},"end":{"line":140,"column":5}}]},"25":{"type":"branch","line":146,"loc":{"start":{"line":146,"column":11},"end":{"line":148,"column":5}},"locations":[{"start":{"line":146,"column":11},"end":{"line":148,"column":5}}]},"26":{"type":"branch","line":150,"loc":{"start":{"line":150,"column":11},"end":{"line":156,"column":5}},"locations":[{"start":{"line":150,"column":11},"end":{"line":156,"column":5}}]},"27":{"type":"branch","line":158,"loc":{"start":{"line":158,"column":11},"end":{"line":165,"column":5}},"locations":[{"start":{"line":158,"column":11},"end":{"line":165,"column":5}}]},"28":{"type":"branch","line":167,"loc":{"start":{"line":167,"column":11},"end":{"line":180,"column":5}},"locations":[{"start":{"line":167,"column":11},"end":{"line":180,"column":5}}]},"29":{"type":"branch","line":183,"loc":{"start":{"line":183,"column":7},"end":{"line":185,"column":1}},"locations":[{"start":{"line":183,"column":7},"end":{"line":185,"column":1}}]}},"b":{"0":[23],"1":[44],"2":[4],"3":[0],"4":[43],"5":[0],"6":[43],"7":[7],"8":[6],"9":[6],"10":[1],"11":[0],"12":[1],"13":[37],"14":[9],"15":[28],"16":[1],"17":[37],"18":[1],"19":[0],"20":[0],"21":[27],"22":[23],"23":[4],"24":[11],"25":[2],"26":[2],"27":[1],"28":[23],"29":[23]},"fnMap":{"0":{"name":"Command","decl":{"start":{"line":54,"column":4},"end":{"line":54,"column":101}},"loc":{"start":{"line":54,"column":4},"end":{"line":54,"column":101}},"line":54},"1":{"name":"command","decl":{"start":{"line":56,"column":11},"end":{"line":92,"column":5}},"loc":{"start":{"line":56,"column":11},"end":{"line":92,"column":5}},"line":56},"2":{"name":"CommandBuilder","decl":{"start":{"line":105,"column":4},"end":{"line":115,"column":5}},"loc":{"start":{"line":105,"column":4},"end":{"line":115,"column":5}},"line":105},"3":{"name":"describe","decl":{"start":{"line":117,"column":11},"end":{"line":120,"column":5}},"loc":{"start":{"line":117,"column":11},"end":{"line":120,"column":5}},"line":117},"4":{"name":"alias","decl":{"start":{"line":122,"column":11},"end":{"line":125,"column":5}},"loc":{"start":{"line":122,"column":11},"end":{"line":125,"column":5}},"line":122},"5":{"name":"example","decl":{"start":{"line":127,"column":11},"end":{"line":130,"column":5}},"loc":{"start":{"line":127,"column":11},"end":{"line":130,"column":5}},"line":127},"6":{"name":"args","decl":{"start":{"line":132,"column":11},"end":{"line":135,"column":5}},"loc":{"start":{"line":132,"column":11},"end":{"line":135,"column":5}},"line":132},"7":{"name":"flags","decl":{"start":{"line":137,"column":11},"end":{"line":140,"column":5}},"loc":{"start":{"line":137,"column":11},"end":{"line":140,"column":5}},"line":137},"8":{"name":"useFlags","decl":{"start":{"line":142,"column":11},"end":{"line":144,"column":5}},"loc":{"start":{"line":142,"column":11},"end":{"line":144,"column":5}},"line":142},"9":{"name":"use","decl":{"start":{"line":146,"column":11},"end":{"line":148,"column":5}},"loc":{"start":{"line":146,"column":11},"end":{"line":148,"column":5}},"line":146},"10":{"name":"provide","decl":{"start":{"line":150,"column":11},"end":{"line":156,"column":5}},"loc":{"start":{"line":150,"column":11},"end":{"line":156,"column":5}},"line":150},"11":{"name":"subcommands","decl":{"start":{"line":158,"column":11},"end":{"line":165,"column":5}},"loc":{"start":{"line":158,"column":11},"end":{"line":165,"column":5}},"line":158},"12":{"name":"action","decl":{"start":{"line":167,"column":11},"end":{"line":180,"column":5}},"loc":{"start":{"line":167,"column":11},"end":{"line":180,"column":5}},"line":167},"13":{"name":"createCommand","decl":{"start":{"line":183,"column":7},"end":{"line":185,"column":1}},"loc":{"start":{"line":183,"column":7},"end":{"line":185,"column":1}},"line":183}},"f":{"0":23,"1":44,"2":23,"3":0,"4":0,"5":0,"6":4,"7":11,"8":0,"9":2,"10":2,"11":1,"12":23,"13":23}}
,"/Users/eriicafes/Developer/node/commandstruct/src/errors.ts": {"path":"/Users/eriicafes/Developer/node/commandstruct/src/errors.ts","all":false,"statementMap":{"0":{"start":{"line":1,"column":0},"end":{"line":1,"column":41}},"1":{"start":{"line":2,"column":0},"end":{"line":2,"column":16}},"2":{"start":{"line":3,"column":0},"end":{"line":3,"column":54}},"3":{"start":{"line":4,"column":0},"end":{"line":4,"column":31}},"4":{"start":{"line":5,"column":0},"end":{"line":5,"column":7}},"5":{"start":{"line":6,"column":0},"end":{"line":6,"column":22}},"6":{"start":{"line":7,"column":0},"end":{"line":7,"column":5}},"7":{"start":{"line":8,"column":0},"end":{"line":8,"column":1}}},"s":{"0":1,"1":1,"2":11,"3":11,"4":11,"5":11,"6":11,"7":1},"branchMap":{"0":{"type":"branch","line":2,"loc":{"start":{"line":2,"column":4},"end":{"line":7,"column":5}},"locations":[{"start":{"line":2,"column":4},"end":{"line":7,"column":5}}]}},"b":{"0":[11]},"fnMap":{"0":{"name":"CommandError","decl":{"start":{"line":2,"column":4},"end":{"line":7,"column":5}},"loc":{"start":{"line":2,"column":4},"end":{"line":7,"column":5}},"line":2}},"f":{"0":11}}
,"/Users/eriicafes/Developer/node/commandstruct/src/flag.ts": {"path":"/Users/eriicafes/Developer/node/commandstruct/src/flag.ts","all":false,"statementMap":{"0":{"start":{"line":1,"column":0},"end":{"line":1,"column":87}},"1":{"start":{"line":2,"column":0},"end":{"line":2,"column":0}},"2":{"start":{"line":3,"column":0},"end":{"line":3,"column":46}},"3":{"start":{"line":4,"column":0},"end":{"line":4,"column":58}},"4":{"start":{"line":5,"column":0},"end":{"line":5,"column":19}},"5":{"start":{"line":6,"column":0},"end":{"line":6,"column":19}},"6":{"start":{"line":7,"column":0},"end":{"line":7,"column":20}},"7":{"start":{"line":8,"column":0},"end":{"line":8,"column":5}},"8":{"start":{"line":9,"column":0},"end":{"line":9,"column":0}},"9":{"start":{"line":10,"column":0},"end":{"line":10,"column":132}},"10":{"start":{"line":11,"column":0},"end":{"line":11,"column":72}},"11":{"start":{"line":12,"column":0},"end":{"line":12,"column":0}},"12":{"start":{"line":13,"column":0},"end":{"line":13,"column":96}},"13":{"start":{"line":14,"column":0},"end":{"line":14,"column":157}},"14":{"start":{"line":15,"column":0},"end":{"line":15,"column":156}},"15":{"start":{"line":16,"column":0},"end":{"line":16,"column":11}},"16":{"start":{"line":17,"column":0},"end":{"line":17,"column":0}},"17":{"start":{"line":18,"column":0},"end":{"line":18,"column":108}},"18":{"start":{"line":19,"column":0},"end":{"line":19,"column":89}},"19":{"start":{"line":20,"column":0},"end":{"line":20,"column":54}},"20":{"start":{"line":21,"column":0},"end":{"line":21,"column":0}},"21":{"start":{"line":22,"column":0},"end":{"line":22,"column":63}},"22":{"start":{"line":23,"column":0},"end":{"line":23,"column":85}},"23":{"start":{"line":24,"column":0},"end":{"line":24,"column":75}},"24":{"start":{"line":25,"column":0},"end":{"line":25,"column":145}},"25":{"start":{"line":26,"column":0},"end":{"line":26,"column":44}},"26":{"start":{"line":27,"column":0},"end":{"line":27,"column":42}},"27":{"start":{"line":28,"column":0},"end":{"line":28,"column":42}},"28":{"start":{"line":29,"column":0},"end":{"line":29,"column":11}},"29":{"start":{"line":30,"column":0},"end":{"line":30,"column":1}},"30":{"start":{"line":31,"column":0},"end":{"line":31,"column":0}},"31":{"start":{"line":32,"column":0},"end":{"line":32,"column":44}},"32":{"start":{"line":33,"column":0},"end":{"line":33,"column":23}},"33":{"start":{"line":34,"column":0},"end":{"line":34,"column":30}},"34":{"start":{"line":35,"column":0},"end":{"line":35,"column":33}},"35":{"start":{"line":36,"column":0},"end":{"line":36,"column":35}},"36":{"start":{"line":37,"column":0},"end":{"line":37,"column":49}},"37":{"start":{"line":38,"column":0},"end":{"line":38,"column":44}},"38":{"start":{"line":39,"column":0},"end":{"line":39,"column":9}},"39":{"start":{"line":40,"column":0},"end":{"line":40,"column":0}},"40":{"start":{"line":41,"column":0},"end":{"line":41,"column":73}},"41":{"start":{"line":42,"column":0},"end":{"line":42,"column":49}},"42":{"start":{"line":43,"column":0},"end":{"line":43,"column":61}},"43":{"start":{"line":44,"column":0},"end":{"line":44,"column":5}},"44":{"start":{"line":45,"column":0},"end":{"line":45,"column":0}},"45":{"start":{"line":46,"column":0},"end":{"line":46,"column":101}},"46":{"start":{"line":47,"column":0},"end":{"line":47,"column":49}},"47":{"start":{"line":48,"column":0},"end":{"line":48,"column":66}},"48":{"start":{"line":49,"column":0},"end":{"line":49,"column":5}},"49":{"start":{"line":50,"column":0},"end":{"line":50,"column":0}},"50":{"start":{"line":51,"column":0},"end":{"line":51,"column":177}},"51":{"start":{"line":52,"column":0},"end":{"line":52,"column":63}},"52":{"start":{"line":53,"column":0},"end":{"line":53,"column":69}},"53":{"start":{"line":54,"column":0},"end":{"line":54,"column":5}},"54":{"start":{"line":55,"column":0},"end":{"line":55,"column":0}},"55":{"start":{"line":56,"column":0},"end":{"line":56,"column":71}},"56":{"start":{"line":57,"column":0},"end":{"line":57,"column":34}},"57":{"start":{"line":58,"column":0},"end":{"line":58,"column":19}},"58":{"start":{"line":59,"column":0},"end":{"line":59,"column":5}},"59":{"start":{"line":60,"column":0},"end":{"line":60,"column":0}},"60":{"start":{"line":61,"column":0},"end":{"line":61,"column":67}},"61":{"start":{"line":62,"column":0},"end":{"line":62,"column":54}},"62":{"start":{"line":63,"column":0},"end":{"line":63,"column":61}},"63":{"start":{"line":64,"column":0},"end":{"line":64,"column":5}},"64":{"start":{"line":65,"column":0},"end":{"line":65,"column":0}},"65":{"start":{"line":66,"column":0},"end":{"line":66,"column":40}},"66":{"start":{"line":67,"column":0},"end":{"line":67,"column":16}},"67":{"start":{"line":68,"column":0},"end":{"line":68,"column":29}},"68":{"start":{"line":69,"column":0},"end":{"line":69,"column":29}},"69":{"start":{"line":70,"column":0},"end":{"line":70,"column":31}},"70":{"start":{"line":71,"column":0},"end":{"line":71,"column":33}},"71":{"start":{"line":72,"column":0},"end":{"line":72,"column":45}},"72":{"start":{"line":73,"column":0},"end":{"line":73,"column":9}},"73":{"start":{"line":74,"column":0},"end":{"line":74,"column":5}},"74":{"start":{"line":75,"column":0},"end":{"line":75,"column":0}},"75":{"start":{"line":76,"column":0},"end":{"line":76,"column":54}},"76":{"start":{"line":77,"column":0},"end":{"line":77,"column":75}},"77":{"start":{"line":78,"column":0},"end":{"line":78,"column":54}},"78":{"start":{"line":79,"column":0},"end":{"line":79,"column":18}},"79":{"start":{"line":80,"column":0},"end":{"line":80,"column":5}},"80":{"start":{"line":81,"column":0},"end":{"line":81,"column":0}},"81":{"start":{"line":82,"column":0},"end":{"line":82,"column":61}},"82":{"start":{"line":83,"column":0},"end":{"line":83,"column":78}},"83":{"start":{"line":84,"column":0},"end":{"line":84,"column":18}},"84":{"start":{"line":85,"column":0},"end":{"line":85,"column":5}},"85":{"start":{"line":86,"column":0},"end":{"line":86,"column":0}},"86":{"start":{"line":87,"column":0},"end":{"line":87,"column":42}},"87":{"start":{"line":88,"column":0},"end":{"line":88,"column":36}},"88":{"start":{"line":89,"column":0},"end":{"line":89,"column":5}},"89":{"start":{"line":90,"column":0},"end":{"line":90,"column":0}},"90":{"start":{"line":91,"column":0},"end":{"line":91,"column":44}},"91":{"start":{"line":92,"column":0},"end":{"line":92,"column":51}},"92":{"start":{"line":93,"column":0},"end":{"line":93,"column":54}},"93":{"start":{"line":94,"column":0},"end":{"line":94,"column":80}},"94":{"start":{"line":95,"column":0},"end":{"line":95,"column":19}},"95":{"start":{"line":96,"column":0},"end":{"line":96,"column":5}},"96":{"start":{"line":97,"column":0},"end":{"line":97,"column":0}},"97":{"start":{"line":98,"column":0},"end":{"line":98,"column":44}},"98":{"start":{"line":99,"column":0},"end":{"line":99,"column":58}},"99":{"start":{"line":100,"column":0},"end":{"line":100,"column":5}},"100":{"start":{"line":101,"column":0},"end":{"line":101,"column":1}},"101":{"start":{"line":102,"column":0},"end":{"line":102,"column":0}},"102":{"start":{"line":103,"column":0},"end":{"line":103,"column":43}},"103":{"start":{"line":104,"column":0},"end":{"line":104,"column":76}},"104":{"start":{"line":105,"column":0},"end":{"line":105,"column":1}}},"s":{"0":1,"1":1,"2":1,"3":1,"4":1,"5":1,"6":1,"7":1,"8":1,"9":1,"10":1,"11":1,"12":1,"13":1,"14":1,"15":1,"16":1,"17":1,"18":1,"19":1,"20":1,"21":1,"22":1,"23":1,"24":1,"25":1,"26":1,"27":1,"28":1,"29":1,"30":1,"31":1,"32":1,"33":22,"34":22,"35":22,"36":22,"37":22,"38":22,"39":1,"40":1,"41":4,"42":4,"43":4,"44":1,"45":1,"46":1,"47":1,"48":1,"49":1,"50":1,"51":8,"52":8,"53":8,"54":1,"55":1,"56":2,"57":2,"58":2,"59":1,"60":1,"61":2,"62":2,"63":2,"64":1,"65":1,"66":121,"67":121,"68":121,"69":121,"70":121,"71":121,"72":121,"73":121,"74":1,"75":1,"76":71,"77":71,"78":71,"79":71,"80":1,"81":1,"82":0,"83":0,"84":0,"85":1,"86":1,"87":83,"88":83,"89":1,"90":1,"91":182,"92":960,"93":960,"94":182,"95":182,"96":1,"97":1,"98":0,"99":0,"100":1,"101":1,"102":1,"103":22,"104":22},"branchMap":{"0":{"type":"branch","line":33,"loc":{"start":{"line":33,"column":11},"end":{"line":39,"column":9}},"locations":[{"start":{"line":33,"column":11},"end":{"line":39,"column":9}}]},"1":{"type":"branch","line":41,"loc":{"start":{"line":41,"column":11},"end":{"line":44,"column":5}},"locations":[{"start":{"line":41,"column":11},"end":{"line":44,"column":5}}]},"2":{"type":"branch","line":46,"loc":{"start":{"line":46,"column":11},"end":{"line":49,"column":5}},"locations":[{"start":{"line":46,"column":11},"end":{"line":49,"column":5}}]},"3":{"type":"branch","line":51,"loc":{"start":{"line":51,"column":11},"end":{"line":54,"column":5}},"locations":[{"start":{"line":51,"column":11},"end":{"line":54,"column":5}}]},"4":{"type":"branch","line":56,"loc":{"start":{"line":56,"column":11},"end":{"line":59,"column":5}},"locations":[{"start":{"line":56,"column":11},"end":{"line":59,"column":5}}]},"5":{"type":"branch","line":61,"loc":{"start":{"line":61,"column":11},"end":{"line":64,"column":5}},"locations":[{"start":{"line":61,"column":11},"end":{"line":64,"column":5}}]},"6":{"type":"branch","line":66,"loc":{"start":{"line":66,"column":18},"end":{"line":74,"column":5}},"locations":[{"start":{"line":66,"column":18},"end":{"line":74,"column":5}}]},"7":{"type":"branch","line":76,"loc":{"start":{"line":76,"column":18},"end":{"line":80,"column":5}},"locations":[{"start":{"line":76,"column":18},"end":{"line":80,"column":5}}]},"8":{"type":"branch","line":77,"loc":{"start":{"line":77,"column":28},"end":{"line":77,"column":51}},"locations":[{"start":{"line":77,"column":28},"end":{"line":77,"column":51}}]},"9":{"type":"branch","line":77,"loc":{"start":{"line":77,"column":44},"end":{"line":77,"column":73}},"locations":[{"start":{"line":77,"column":44},"end":{"line":77,"column":73}}]},"10":{"type":"branch","line":78,"loc":{"start":{"line":78,"column":24},"end":{"line":78,"column":54}},"locations":[{"start":{"line":78,"column":24},"end":{"line":78,"column":54}}]},"11":{"type":"branch","line":87,"loc":{"start":{"line":87,"column":18},"end":{"line":89,"column":5}},"locations":[{"start":{"line":87,"column":18},"end":{"line":89,"column":5}}]},"12":{"type":"branch","line":91,"loc":{"start":{"line":91,"column":18},"end":{"line":96,"column":5}},"locations":[{"start":{"line":91,"column":18},"end":{"line":96,"column":5}}]},"13":{"type":"branch","line":92,"loc":{"start":{"line":92,"column":33},"end":{"line":95,"column":9}},"locations":[{"start":{"line":92,"column":33},"end":{"line":95,"column":9}}]},"14":{"type":"branch","line":93,"loc":{"start":{"line":93,"column":29},"end":{"line":93,"column":54}},"locations":[{"start":{"line":93,"column":29},"end":{"line":93,"column":54}}]},"15":{"type":"branch","line":93,"loc":{"start":{"line":93,"column":53},"end":{"line":94,"column":49}},"locations":[{"start":{"line":93,"column":53},"end":{"line":94,"column":49}}]},"16":{"type":"branch","line":94,"loc":{"start":{"line":94,"column":42},"end":{"line":94,"column":76}},"locations":[{"start":{"line":94,"column":42},"end":{"line":94,"column":76}}]},"17":{"type":"branch","line":94,"loc":{"start":{"line":94,"column":71},"end":{"line":94,"column":80}},"locations":[{"start":{"line":94,"column":71},"end":{"line":94,"column":80}}]},"18":{"type":"branch","line":103,"loc":{"start":{"line":103,"column":7},"end":{"line":105,"column":1}},"locations":[{"start":{"line":103,"column":7},"end":{"line":105,"column":1}}]}},"b":{"0":[22],"1":[4],"2":[1],"3":[8],"4":[2],"5":[2],"6":[121],"7":[71],"8":[2],"9":[69],"10":[8],"11":[83],"12":[182],"13":[960],"14":[182],"15":[778],"16":[15],"17":[763],"18":[22]},"fnMap":{"0":{"name":"Flag","decl":{"start":{"line":33,"column":11},"end":{"line":39,"column":9}},"loc":{"start":{"line":33,"column":11},"end":{"line":39,"column":9}},"line":33},"1":{"name":"char","decl":{"start":{"line":41,"column":11},"end":{"line":44,"column":5}},"loc":{"start":{"line":41,"column":11},"end":{"line":44,"column":5}},"line":41},"2":{"name":"requiredParam","decl":{"start":{"line":46,"column":11},"end":{"line":49,"column":5}},"loc":{"start":{"line":46,"column":11},"end":{"line":49,"column":5}},"line":46},"3":{"name":"optionalParam","decl":{"start":{"line":51,"column":11},"end":{"line":54,"column":5}},"loc":{"start":{"line":51,"column":11},"end":{"line":54,"column":5}},"line":51},"4":{"name":"withNegated","decl":{"start":{"line":56,"column":11},"end":{"line":59,"column":5}},"loc":{"start":{"line":56,"column":11},"end":{"line":59,"column":5}},"line":56},"5":{"name":"preserveCase","decl":{"start":{"line":61,"column":11},"end":{"line":64,"column":5}},"loc":{"start":{"line":61,"column":11},"end":{"line":64,"column":5}},"line":61},"6":{"name":"toObject","decl":{"start":{"line":66,"column":18},"end":{"line":74,"column":5}},"loc":{"start":{"line":66,"column":18},"end":{"line":74,"column":5}},"line":66},"7":{"name":"toString","decl":{"start":{"line":76,"column":18},"end":{"line":80,"column":5}},"loc":{"start":{"line":76,"column":18},"end":{"line":80,"column":5}},"line":76},"8":{"name":"toNegatedString","decl":{"start":{"line":82,"column":18},"end":{"line":85,"column":5}},"loc":{"start":{"line":82,"column":18},"end":{"line":85,"column":5}},"line":82},"9":{"name":"isNegated","decl":{"start":{"line":87,"column":18},"end":{"line":89,"column":5}},"loc":{"start":{"line":87,"column":18},"end":{"line":89,"column":5}},"line":87},"10":{"name":"toKebabCase","decl":{"start":{"line":91,"column":18},"end":{"line":96,"column":5}},"loc":{"start":{"line":91,"column":18},"end":{"line":96,"column":5}},"line":91},"11":{"name":"toCamelCase","decl":{"start":{"line":98,"column":18},"end":{"line":100,"column":5}},"loc":{"start":{"line":98,"column":18},"end":{"line":100,"column":5}},"line":98},"12":{"name":"flag","decl":{"start":{"line":103,"column":7},"end":{"line":105,"column":1}},"loc":{"start":{"line":103,"column":7},"end":{"line":105,"column":1}},"line":103}},"f":{"0":22,"1":4,"2":1,"3":8,"4":2,"5":2,"6":121,"7":71,"8":0,"9":83,"10":182,"11":0,"12":22}}
,"/Users/eriicafes/Developer/node/commandstruct/src/index.ts": {"path":"/Users/eriicafes/Developer/node/commandstruct/src/index.ts","all":false,"statementMap":{"0":{"start":{"line":1,"column":0},"end":{"line":1,"column":32}},"1":{"start":{"line":2,"column":0},"end":{"line":2,"column":62}},"2":{"start":{"line":3,"column":0},"end":{"line":3,"column":39}},"3":{"start":{"line":4,"column":0},"end":{"line":4,"column":35}},"4":{"start":{"line":5,"column":0},"end":{"line":5,"column":62}},"5":{"start":{"line":6,"column":0},"end":{"line":6,"column":39}},"6":{"start":{"line":7,"column":0},"end":{"line":7,"column":79}}},"s":{"0":1,"1":1,"2":1,"3":1,"4":1,"5":1,"6":1},"branchMap":{},"b":{},"fnMap":{},"f":{}}
,"/Users/eriicafes/Developer/node/commandstruct/src/program.ts": {"path":"/Users/eriicafes/Developer/node/commandstruct/src/program.ts","all":false,"statementMap":{"0":{"start":{"line":1,"column":0},"end":{"line":1,"column":117}},"1":{"start":{"line":2,"column":0},"end":{"line":2,"column":33}},"2":{"start":{"line":3,"column":0},"end":{"line":3,"column":38}},"3":{"start":{"line":4,"column":0},"end":{"line":4,"column":29}},"4":{"start":{"line":5,"column":0},"end":{"line":5,"column":39}},"5":{"start":{"line":6,"column":0},"end":{"line":6,"column":39}},"6":{"start":{"line":7,"column":0},"end":{"line":7,"column":0}},"7":{"start":{"line":8,"column":0},"end":{"line":8,"column":20}},"8":{"start":{"line":9,"column":0},"end":{"line":9,"column":24}},"9":{"start":{"line":10,"column":0},"end":{"line":10,"column":39}},"10":{"start":{"line":11,"column":0},"end":{"line":11,"column":47}},"11":{"start":{"line":12,"column":0},"end":{"line":12,"column":86}},"12":{"start":{"line":13,"column":0},"end":{"line":13,"column":5}},"13":{"start":{"line":14,"column":0},"end":{"line":14,"column":14}},"14":{"start":{"line":15,"column":0},"end":{"line":15,"column":31}},"15":{"start":{"line":16,"column":0},"end":{"line":16,"column":35}},"16":{"start":{"line":17,"column":0},"end":{"line":17,"column":22}},"17":{"start":{"line":18,"column":0},"end":{"line":18,"column":16}},"18":{"start":{"line":19,"column":0},"end":{"line":19,"column":24}},"19":{"start":{"line":20,"column":0},"end":{"line":20,"column":72}},"20":{"start":{"line":21,"column":0},"end":{"line":21,"column":45}},"21":{"start":{"line":22,"column":0},"end":{"line":22,"column":1}},"22":{"start":{"line":23,"column":0},"end":{"line":23,"column":0}},"23":{"start":{"line":24,"column":0},"end":{"line":24,"column":47}},"24":{"start":{"line":25,"column":0},"end":{"line":25,"column":0}},"25":{"start":{"line":26,"column":0},"end":{"line":26,"column":21}},"26":{"start":{"line":27,"column":0},"end":{"line":27,"column":24}},"27":{"start":{"line":28,"column":0},"end":{"line":28,"column":39}},"28":{"start":{"line":29,"column":0},"end":{"line":29,"column":47}},"29":{"start":{"line":30,"column":0},"end":{"line":30,"column":3}},"30":{"start":{"line":31,"column":0},"end":{"line":31,"column":141}},"31":{"start":{"line":32,"column":0},"end":{"line":32,"column":0}},"32":{"start":{"line":33,"column":0},"end":{"line":33,"column":28}},"33":{"start":{"line":34,"column":0},"end":{"line":34,"column":47}},"34":{"start":{"line":35,"column":0},"end":{"line":35,"column":71}},"35":{"start":{"line":36,"column":0},"end":{"line":36,"column":80}},"36":{"start":{"line":37,"column":0},"end":{"line":37,"column":77}},"37":{"start":{"line":38,"column":0},"end":{"line":38,"column":0}},"38":{"start":{"line":39,"column":0},"end":{"line":39,"column":50}},"39":{"start":{"line":40,"column":0},"end":{"line":40,"column":0}},"40":{"start":{"line":41,"column":0},"end":{"line":41,"column":68}},"41":{"start":{"line":42,"column":0},"end":{"line":42,"column":45}},"42":{"start":{"line":43,"column":0},"end":{"line":43,"column":33}},"43":{"start":{"line":44,"column":0},"end":{"line":44,"column":28}},"44":{"start":{"line":45,"column":0},"end":{"line":45,"column":53}},"45":{"start":{"line":46,"column":0},"end":{"line":46,"column":53}},"46":{"start":{"line":47,"column":0},"end":{"line":47,"column":41}},"47":{"start":{"line":48,"column":0},"end":{"line":48,"column":18}},"48":{"start":{"line":49,"column":0},"end":{"line":49,"column":13}},"49":{"start":{"line":50,"column":0},"end":{"line":50,"column":9}},"50":{"start":{"line":51,"column":0},"end":{"line":51,"column":22}},"51":{"start":{"line":52,"column":0},"end":{"line":52,"column":5}},"52":{"start":{"line":53,"column":0},"end":{"line":53,"column":0}},"53":{"start":{"line":54,"column":0},"end":{"line":54,"column":55}},"54":{"start":{"line":55,"column":0},"end":{"line":55,"column":49}},"55":{"start":{"line":56,"column":0},"end":{"line":56,"column":5}},"56":{"start":{"line":57,"column":0},"end":{"line":57,"column":1}},"57":{"start":{"line":58,"column":0},"end":{"line":58,"column":0}},"58":{"start":{"line":59,"column":0},"end":{"line":59,"column":21}},"59":{"start":{"line":60,"column":0},"end":{"line":60,"column":24}},"60":{"start":{"line":61,"column":0},"end":{"line":61,"column":39}},"61":{"start":{"line":62,"column":0},"end":{"line":62,"column":47}},"62":{"start":{"line":63,"column":0},"end":{"line":63,"column":3}},"63":{"start":{"line":64,"column":0},"end":{"line":64,"column":124}},"64":{"start":{"line":65,"column":0},"end":{"line":65,"column":0}},"65":{"start":{"line":66,"column":0},"end":{"line":66,"column":51}},"66":{"start":{"line":67,"column":0},"end":{"line":67,"column":24}},"67":{"start":{"line":68,"column":0},"end":{"line":68,"column":17}},"68":{"start":{"line":69,"column":0},"end":{"line":69,"column":31}},"69":{"start":{"line":70,"column":0},"end":{"line":70,"column":35}},"70":{"start":{"line":71,"column":0},"end":{"line":71,"column":25}},"71":{"start":{"line":72,"column":0},"end":{"line":72,"column":31}},"72":{"start":{"line":73,"column":0},"end":{"line":73,"column":22}},"73":{"start":{"line":74,"column":0},"end":{"line":74,"column":25}},"74":{"start":{"line":75,"column":0},"end":{"line":75,"column":31}},"75":{"start":{"line":76,"column":0},"end":{"line":76,"column":9}},"76":{"start":{"line":77,"column":0},"end":{"line":77,"column":5}},"77":{"start":{"line":78,"column":0},"end":{"line":78,"column":0}},"78":{"start":{"line":79,"column":0},"end":{"line":79,"column":37}},"79":{"start":{"line":80,"column":0},"end":{"line":80,"column":38}},"80":{"start":{"line":81,"column":0},"end":{"line":81,"column":19}},"81":{"start":{"line":82,"column":0},"end":{"line":82,"column":5}},"82":{"start":{"line":83,"column":0},"end":{"line":83,"column":0}},"83":{"start":{"line":84,"column":0},"end":{"line":84,"column":42}},"84":{"start":{"line":85,"column":0},"end":{"line":85,"column":46}},"85":{"start":{"line":86,"column":0},"end":{"line":86,"column":19}},"86":{"start":{"line":87,"column":0},"end":{"line":87,"column":5}},"87":{"start":{"line":88,"column":0},"end":{"line":88,"column":0}},"88":{"start":{"line":89,"column":0},"end":{"line":89,"column":37}},"89":{"start":{"line":90,"column":0},"end":{"line":90,"column":43}},"90":{"start":{"line":91,"column":0},"end":{"line":91,"column":19}},"91":{"start":{"line":92,"column":0},"end":{"line":92,"column":5}},"92":{"start":{"line":93,"column":0},"end":{"line":93,"column":0}},"93":{"start":{"line":94,"column":0},"end":{"line":94,"column":105}},"94":{"start":{"line":95,"column":0},"end":{"line":95,"column":54}},"95":{"start":{"line":96,"column":0},"end":{"line":96,"column":113}},"96":{"start":{"line":97,"column":0},"end":{"line":97,"column":5}},"97":{"start":{"line":98,"column":0},"end":{"line":98,"column":0}},"98":{"start":{"line":99,"column":0},"end":{"line":99,"column":55}},"99":{"start":{"line":100,"column":0},"end":{"line":100,"column":99}},"100":{"start":{"line":101,"column":0},"end":{"line":101,"column":35}},"101":{"start":{"line":102,"column":0},"end":{"line":102,"column":7}},"102":{"start":{"line":103,"column":0},"end":{"line":103,"column":43}},"103":{"start":{"line":104,"column":0},"end":{"line":104,"column":160}},"104":{"start":{"line":105,"column":0},"end":{"line":105,"column":109}},"105":{"start":{"line":106,"column":0},"end":{"line":106,"column":144}},"106":{"start":{"line":107,"column":0},"end":{"line":107,"column":154}},"107":{"start":{"line":108,"column":0},"end":{"line":108,"column":5}},"108":{"start":{"line":109,"column":0},"end":{"line":109,"column":0}},"109":{"start":{"line":110,"column":0},"end":{"line":110,"column":116}},"110":{"start":{"line":111,"column":0},"end":{"line":111,"column":22}},"111":{"start":{"line":112,"column":0},"end":{"line":112,"column":7}},"112":{"start":{"line":113,"column":0},"end":{"line":113,"column":179}},"113":{"start":{"line":114,"column":0},"end":{"line":114,"column":87}},"114":{"start":{"line":115,"column":0},"end":{"line":115,"column":37}},"115":{"start":{"line":116,"column":0},"end":{"line":116,"column":19}},"116":{"start":{"line":117,"column":0},"end":{"line":117,"column":5}},"117":{"start":{"line":118,"column":0},"end":{"line":118,"column":0}},"118":{"start":{"line":119,"column":0},"end":{"line":119,"column":51}},"119":{"start":{"line":120,"column":0},"end":{"line":120,"column":38}},"120":{"start":{"line":121,"column":0},"end":{"line":121,"column":19}},"121":{"start":{"line":122,"column":0},"end":{"line":122,"column":5}},"122":{"start":{"line":123,"column":0},"end":{"line":123,"column":0}},"123":{"start":{"line":124,"column":0},"end":{"line":124,"column":20}},"124":{"start":{"line":125,"column":0},"end":{"line":125,"column":64}},"125":{"start":{"line":126,"column":0},"end":{"line":126,"column":5}},"126":{"start":{"line":127,"column":0},"end":{"line":127,"column":1}},"127":{"start":{"line":128,"column":0},"end":{"line":128,"column":0}},"128":{"start":{"line":129,"column":0},"end":{"line":129,"column":99}},"129":{"start":{"line":130,"column":0},"end":{"line":130,"column":153}},"130":{"start":{"line":131,"column":0},"end":{"line":131,"column":119}},"131":{"start":{"line":132,"column":0},"end":{"line":132,"column":46}},"132":{"start":{"line":133,"column":0},"end":{"line":133,"column":1}}},"s":{"0":1,"1":1,"2":1,"3":1,"4":1,"5":1,"6":1,"7":1,"8":1,"9":1,"10":1,"11":1,"12":1,"13":1,"14":1,"15":1,"16":1,"17":1,"18":1,"19":1,"20":1,"21":1,"22":1,"23":1,"24":1,"25":1,"26":1,"27":1,"28":1,"29":1,"30":1,"31":1,"32":1,"33":35,"34":35,"35":35,"36":35,"37":35,"38":35,"39":35,"40":35,"41":35,"42":43,"43":43,"44":43,"45":43,"46":43,"47":43,"48":43,"49":28,"50":28,"51":35,"52":1,"53":1,"54":28,"55":28,"56":1,"57":1,"58":1,"59":1,"60":1,"61":1,"62":1,"63":1,"64":1,"65":1,"66":20,"67":20,"68":20,"69":20,"70":20,"71":20,"72":20,"73":20,"74":20,"75":20,"76":20,"77":1,"78":1,"79":0,"80":0,"81":0,"82":1,"83":1,"84":0,"85":0,"86":0,"87":1,"88":1,"89":0,"90":0,"91":0,"92":1,"93":1,"94":0,"95":0,"96":0,"97":1,"98":1,"99":0,"100":0,"101":0,"102":0,"103":0,"104":0,"105":0,"106":0,"107":0,"108":1,"109":1,"110":20,"111":20,"112":20,"113":20,"114":20,"115":20,"116":20,"117":1,"118":1,"119":2,"120":2,"121":2,"122":1,"123":1,"124":20,"125":20,"126":1,"127":1,"128":1,"129":1,"130":1,"131":20,"132":20},"branchMap":{"0":{"type":"branch","line":31,"loc":{"start":{"line":31,"column":4},"end":{"line":31,"column":141}},"locations":[{"start":{"line":31,"column":4},"end":{"line":31,"column":141}}]},"1":{"type":"branch","line":33,"loc":{"start":{"line":33,"column":11},"end":{"line":52,"column":5}},"locations":[{"start":{"line":33,"column":11},"end":{"line":52,"column":5}}]},"2":{"type":"branch","line":35,"loc":{"start":{"line":35,"column":34},"end":{"line":35,"column":71}},"locations":[{"start":{"line":35,"column":34},"end":{"line":35,"column":71}}]},"3":{"type":"branch","line":36,"loc":{"start":{"line":36,"column":38},"end":{"line":36,"column":80}},"locations":[{"start":{"line":36,"column":38},"end":{"line":36,"column":80}}]},"4":{"type":"branch","line":37,"loc":{"start":{"line":37,"column":53},"end":{"line":37,"column":77}},"locations":[{"start":{"line":37,"column":53},"end":{"line":37,"column":77}}]},"5":{"type":"branch","line":42,"loc":{"start":{"line":42,"column":44},"end":{"line":49,"column":13}},"locations":[{"start":{"line":42,"column":44},"end":{"line":49,"column":13}}]},"6":{"type":"branch","line":49,"loc":{"start":{"line":49,"column":12},"end":{"line":51,"column":22}},"locations":[{"start":{"line":49,"column":12},"end":{"line":51,"column":22}}]},"7":{"type":"branch","line":54,"loc":{"start":{"line":54,"column":11},"end":{"line":56,"column":5}},"locations":[{"start":{"line":54,"column":11},"end":{"line":56,"column":5}}]},"8":{"type":"branch","line":66,"loc":{"start":{"line":66,"column":4},"end":{"line":77,"column":5}},"locations":[{"start":{"line":66,"column":4},"end":{"line":77,"column":5}}]},"9":{"type":"branch","line":110,"loc":{"start":{"line":110,"column":11},"end":{"line":117,"column":5}},"locations":[{"start":{"line":110,"column":11},"end":{"line":117,"column":5}}]},"10":{"type":"branch","line":119,"loc":{"start":{"line":119,"column":11},"end":{"line":122,"column":5}},"locations":[{"start":{"line":119,"column":11},"end":{"line":122,"column":5}}]},"11":{"type":"branch","line":124,"loc":{"start":{"line":124,"column":11},"end":{"line":126,"column":5}},"locations":[{"start":{"line":124,"column":11},"end":{"line":126,"column":5}}]},"12":{"type":"branch","line":131,"loc":{"start":{"line":131,"column":7},"end":{"line":133,"column":1}},"locations":[{"start":{"line":131,"column":7},"end":{"line":133,"column":1}}]}},"b":{"0":[20],"1":[35],"2":[0],"3":[0],"4":[0],"5":[43],"6":[28],"7":[28],"8":[20],"9":[20],"10":[2],"11":[20],"12":[20]},"fnMap":{"0":{"name":"Program","decl":{"start":{"line":31,"column":4},"end":{"line":31,"column":141}},"loc":{"start":{"line":31,"column":4},"end":{"line":31,"column":141}},"line":31},"1":{"name":"program","decl":{"start":{"line":33,"column":11},"end":{"line":52,"column":5}},"loc":{"start":{"line":33,"column":11},"end":{"line":52,"column":5}},"line":33},"2":{"name":"run","decl":{"start":{"line":54,"column":11},"end":{"line":56,"column":5}},"loc":{"start":{"line":54,"column":11},"end":{"line":56,"column":5}},"line":54},"3":{"name":"ProgramBuilder","decl":{"start":{"line":66,"column":4},"end":{"line":77,"column":5}},"loc":{"start":{"line":66,"column":4},"end":{"line":77,"column":5}},"line":66},"4":{"name":"version","decl":{"start":{"line":79,"column":11},"end":{"line":82,"column":5}},"loc":{"start":{"line":79,"column":11},"end":{"line":82,"column":5}},"line":79},"5":{"name":"describe","decl":{"start":{"line":84,"column":11},"end":{"line":87,"column":5}},"loc":{"start":{"line":84,"column":11},"end":{"line":87,"column":5}},"line":84},"6":{"name":"example","decl":{"start":{"line":89,"column":11},"end":{"line":92,"column":5}},"loc":{"start":{"line":89,"column":11},"end":{"line":92,"column":5}},"line":89},"7":{"name":"flags","decl":{"start":{"line":94,"column":11},"end":{"line":97,"column":5}},"loc":{"start":{"line":94,"column":11},"end":{"line":97,"column":5}},"line":94},"8":{"name":"provide","decl":{"start":{"line":99,"column":11},"end":{"line":108,"column":5}},"loc":{"start":{"line":99,"column":11},"end":{"line":108,"column":5}},"line":99},"9":{"name":"commands","decl":{"start":{"line":110,"column":11},"end":{"line":117,"column":5}},"loc":{"start":{"line":110,"column":11},"end":{"line":117,"column":5}},"line":110},"10":{"name":"default","decl":{"start":{"line":119,"column":11},"end":{"line":122,"column":5}},"loc":{"start":{"line":119,"column":11},"end":{"line":122,"column":5}},"line":119},"11":{"name":"build","decl":{"start":{"line":124,"column":11},"end":{"line":126,"column":5}},"loc":{"start":{"line":124,"column":11},"end":{"line":126,"column":5}},"line":124},"12":{"name":"createProgram","decl":{"start":{"line":131,"column":7},"end":{"line":133,"column":1}},"loc":{"start":{"line":131,"column":7},"end":{"line":133,"column":1}},"line":131}},"f":{"0":20,"1":35,"2":28,"3":20,"4":0,"5":0,"6":0,"7":0,"8":0,"9":20,"10":2,"11":20,"12":20}}
,"/Users/eriicafes/Developer/node/commandstruct/src/run.ts": {"path":"/Users/eriicafes/Developer/node/commandstruct/src/run.ts","all":false,"statementMap":{"0":{"start":{"line":1,"column":0},"end":{"line":1,"column":28}},"1":{"start":{"line":2,"column":0},"end":{"line":2,"column":40}},"2":{"start":{"line":3,"column":0},"end":{"line":3,"column":0}},"3":{"start":{"line":4,"column":0},"end":{"line":4,"column":26}},"4":{"start":{"line":5,"column":0},"end":{"line":5,"column":57}},"5":{"start":{"line":6,"column":0},"end":{"line":6,"column":28}},"6":{"start":{"line":7,"column":0},"end":{"line":7,"column":1}},"7":{"start":{"line":8,"column":0},"end":{"line":8,"column":0}},"8":{"start":{"line":9,"column":0},"end":{"line":9,"column":81}},"9":{"start":{"line":10,"column":0},"end":{"line":10,"column":9}},"10":{"start":{"line":11,"column":0},"end":{"line":11,"column":40}},"11":{"start":{"line":12,"column":0},"end":{"line":12,"column":23}},"12":{"start":{"line":13,"column":0},"end":{"line":13,"column":53}},"13":{"start":{"line":14,"column":0},"end":{"line":14,"column":64}},"14":{"start":{"line":15,"column":0},"end":{"line":15,"column":29}},"15":{"start":{"line":16,"column":0},"end":{"line":16,"column":76}},"16":{"start":{"line":17,"column":0},"end":{"line":17,"column":90}},"17":{"start":{"line":18,"column":0},"end":{"line":18,"column":11}},"18":{"start":{"line":19,"column":0},"end":{"line":19,"column":27}},"19":{"start":{"line":20,"column":0},"end":{"line":20,"column":65}},"20":{"start":{"line":21,"column":0},"end":{"line":21,"column":18}},"21":{"start":{"line":22,"column":0},"end":{"line":22,"column":19}},"22":{"start":{"line":23,"column":0},"end":{"line":23,"column":64}},"23":{"start":{"line":24,"column":0},"end":{"line":24,"column":50}},"24":{"start":{"line":25,"column":0},"end":{"line":25,"column":82}},"25":{"start":{"line":26,"column":0},"end":{"line":26,"column":22}},"26":{"start":{"line":27,"column":0},"end":{"line":27,"column":5}},"27":{"start":{"line":28,"column":0},"end":{"line":28,"column":1}}},"s":{"0":1,"1":1,"2":1,"3":1,"4":1,"5":1,"6":1,"7":1,"8":36,"9":36,"10":36,"11":36,"12":36,"13":1,"14":1,"15":35,"16":35,"17":36,"18":36,"19":33,"20":27,"21":36,"22":6,"23":6,"24":5,"25":1,"26":6,"27":36},"branchMap":{"0":{"type":"branch","line":9,"loc":{"start":{"line":9,"column":0},"end":{"line":28,"column":1}},"locations":[{"start":{"line":9,"column":0},"end":{"line":28,"column":1}}]},"1":{"type":"branch","line":13,"loc":{"start":{"line":13,"column":21},"end":{"line":13,"column":49}},"locations":[{"start":{"line":13,"column":21},"end":{"line":13,"column":49}}]},"2":{"type":"branch","line":13,"loc":{"start":{"line":13,"column":49},"end":{"line":15,"column":29}},"locations":[{"start":{"line":13,"column":49},"end":{"line":15,"column":29}}]},"3":{"type":"branch","line":15,"loc":{"start":{"line":15,"column":27},"end":{"line":17,"column":90}},"locations":[{"start":{"line":15,"column":27},"end":{"line":17,"column":90}}]},"4":{"type":"branch","line":17,"loc":{"start":{"line":17,"column":18},"end":{"line":17,"column":46}},"locations":[{"start":{"line":17,"column":18},"end":{"line":17,"column":46}}]},"5":{"type":"branch","line":17,"loc":{"start":{"line":17,"column":46},"end":{"line":17,"column":66}},"locations":[{"start":{"line":17,"column":46},"end":{"line":17,"column":66}}]},"6":{"type":"branch","line":17,"loc":{"start":{"line":17,"column":54},"end":{"line":17,"column":90}},"locations":[{"start":{"line":17,"column":54},"end":{"line":17,"column":90}}]},"7":{"type":"branch","line":17,"loc":{"start":{"line":17,"column":66},"end":{"line":17,"column":90}},"locations":[{"start":{"line":17,"column":66},"end":{"line":17,"column":90}}]},"8":{"type":"branch","line":19,"loc":{"start":{"line":19,"column":21},"end":{"line":19,"column":27}},"locations":[{"start":{"line":19,"column":21},"end":{"line":19,"column":27}}]},"9":{"type":"branch","line":19,"loc":{"start":{"line":19,"column":21},"end":{"line":22,"column":13}},"locations":[{"start":{"line":19,"column":21},"end":{"line":22,"column":13}}]},"10":{"type":"branch","line":19,"loc":{"start":{"line":19,"column":21},"end":{"line":20,"column":65}},"locations":[{"start":{"line":19,"column":21},"end":{"line":20,"column":65}}]},"11":{"type":"branch","line":20,"loc":{"start":{"line":20,"column":64},"end":{"line":22,"column":13}},"locations":[{"start":{"line":20,"column":64},"end":{"line":22,"column":13}}]},"12":{"type":"branch","line":22,"loc":{"start":{"line":22,"column":4},"end":{"line":27,"column":5}},"locations":[{"start":{"line":22,"column":4},"end":{"line":27,"column":5}}]},"13":{"type":"branch","line":23,"loc":{"start":{"line":23,"column":44},"end":{"line":23,"column":64}},"locations":[{"start":{"line":23,"column":44},"end":{"line":23,"column":64}}]},"14":{"type":"branch","line":24,"loc":{"start":{"line":24,"column":12},"end":{"line":24,"column":30}},"locations":[{"start":{"line":24,"column":12},"end":{"line":24,"column":30}}]},"15":{"type":"branch","line":24,"loc":{"start":{"line":24,"column":30},"end":{"line":26,"column":22}},"locations":[{"start":{"line":24,"column":30},"end":{"line":26,"column":22}}]},"16":{"type":"branch","line":24,"loc":{"start":{"line":24,"column":30},"end":{"line":24,"column":50}},"locations":[{"start":{"line":24,"column":30},"end":{"line":24,"column":50}}]},"17":{"type":"branch","line":25,"loc":{"start":{"line":25,"column":46},"end":{"line":25,"column":82}},"locations":[{"start":{"line":25,"column":46},"end":{"line":25,"column":82}}]},"18":{"type":"branch","line":25,"loc":{"start":{"line":25,"column":81},"end":{"line":26,"column":22}},"locations":[{"start":{"line":25,"column":81},"end":{"line":26,"column":22}}]},"19":{"type":"branch","line":15,"loc":{"start":{"line":15,"column":19},"end":{"line":15,"column":29}},"locations":[{"start":{"line":15,"column":19},"end":{"line":15,"column":29}}]}},"b":{"0":[36],"1":[4],"2":[1],"3":[35],"4":[3],"5":[1],"6":[34],"7":[2],"8":[3],"9":[35],"10":[33],"11":[27],"12":[6],"13":[2],"14":[1],"15":[5],"16":[1],"17":[4],"18":[1],"19":[1]},"fnMap":{"0":{"name":"run","decl":{"start":{"line":9,"column":0},"end":{"line":28,"column":1}},"loc":{"start":{"line":9,"column":0},"end":{"line":28,"column":1}},"line":9},"1":{"name":"cli.parse.unknown","decl":{"start":{"line":15,"column":19},"end":{"line":15,"column":29}},"loc":{"start":{"line":15,"column":19},"end":{"line":15,"column":29}},"line":15}},"f":{"0":36,"1":1}}
,"/Users/eriicafes/Developer/node/commandstruct/src/single.ts": {"path":"/Users/eriicafes/Developer/node/commandstruct/src/single.ts","all":false,"statementMap":{"0":{"start":{"line":1,"column":0},"end":{"line":1,"column":104}},"1":{"start":{"line":2,"column":0},"end":{"line":2,"column":33}},"2":{"start":{"line":3,"column":0},"end":{"line":3,"column":39}},"3":{"start":{"line":4,"column":0},"end":{"line":4,"column":42}},"4":{"start":{"line":5,"column":0},"end":{"line":5,"column":39}},"5":{"start":{"line":6,"column":0},"end":{"line":6,"column":32}},"6":{"start":{"line":7,"column":0},"end":{"line":7,"column":69}},"7":{"start":{"line":8,"column":0},"end":{"line":8,"column":0}},"8":{"start":{"line":9,"column":0},"end":{"line":9,"column":26}},"9":{"start":{"line":10,"column":0},"end":{"line":10,"column":24}},"10":{"start":{"line":11,"column":0},"end":{"line":11,"column":37}},"11":{"start":{"line":12,"column":0},"end":{"line":12,"column":39}},"12":{"start":{"line":13,"column":0},"end":{"line":13,"column":47}},"13":{"start":{"line":14,"column":0},"end":{"line":14,"column":86}},"14":{"start":{"line":15,"column":0},"end":{"line":15,"column":5}},"15":{"start":{"line":16,"column":0},"end":{"line":16,"column":14}},"16":{"start":{"line":17,"column":0},"end":{"line":17,"column":31}},"17":{"start":{"line":18,"column":0},"end":{"line":18,"column":35}},"18":{"start":{"line":19,"column":0},"end":{"line":19,"column":22}},"19":{"start":{"line":20,"column":0},"end":{"line":20,"column":14}},"20":{"start":{"line":21,"column":0},"end":{"line":21,"column":16}},"21":{"start":{"line":22,"column":0},"end":{"line":22,"column":24}},"22":{"start":{"line":23,"column":0},"end":{"line":23,"column":13}},"23":{"start":{"line":24,"column":0},"end":{"line":24,"column":103}},"24":{"start":{"line":25,"column":0},"end":{"line":25,"column":29}},"25":{"start":{"line":26,"column":0},"end":{"line":26,"column":27}},"26":{"start":{"line":27,"column":0},"end":{"line":27,"column":1}},"27":{"start":{"line":28,"column":0},"end":{"line":28,"column":0}},"28":{"start":{"line":29,"column":0},"end":{"line":29,"column":64}},"29":{"start":{"line":30,"column":0},"end":{"line":30,"column":0}},"30":{"start":{"line":31,"column":0},"end":{"line":31,"column":27}},"31":{"start":{"line":32,"column":0},"end":{"line":32,"column":24}},"32":{"start":{"line":33,"column":0},"end":{"line":33,"column":37}},"33":{"start":{"line":34,"column":0},"end":{"line":34,"column":39}},"34":{"start":{"line":35,"column":0},"end":{"line":35,"column":47}},"35":{"start":{"line":36,"column":0},"end":{"line":36,"column":3}},"36":{"start":{"line":37,"column":0},"end":{"line":37,"column":153}},"37":{"start":{"line":38,"column":0},"end":{"line":38,"column":0}},"38":{"start":{"line":39,"column":0},"end":{"line":39,"column":28}},"39":{"start":{"line":40,"column":0},"end":{"line":40,"column":97}},"40":{"start":{"line":41,"column":0},"end":{"line":41,"column":71}},"41":{"start":{"line":42,"column":0},"end":{"line":42,"column":80}},"42":{"start":{"line":43,"column":0},"end":{"line":43,"column":77}},"43":{"start":{"line":44,"column":0},"end":{"line":44,"column":0}},"44":{"start":{"line":45,"column":0},"end":{"line":45,"column":50}},"45":{"start":{"line":46,"column":0},"end":{"line":46,"column":0}},"46":{"start":{"line":47,"column":0},"end":{"line":47,"column":134}},"47":{"start":{"line":48,"column":0},"end":{"line":48,"column":46}},"48":{"start":{"line":49,"column":0},"end":{"line":49,"column":85}},"49":{"start":{"line":50,"column":0},"end":{"line":50,"column":54}},"50":{"start":{"line":51,"column":0},"end":{"line":51,"column":10}},"51":{"start":{"line":52,"column":0},"end":{"line":52,"column":5}},"52":{"start":{"line":53,"column":0},"end":{"line":53,"column":0}},"53":{"start":{"line":54,"column":0},"end":{"line":54,"column":55}},"54":{"start":{"line":55,"column":0},"end":{"line":55,"column":49}},"55":{"start":{"line":56,"column":0},"end":{"line":56,"column":5}},"56":{"start":{"line":57,"column":0},"end":{"line":57,"column":1}},"57":{"start":{"line":58,"column":0},"end":{"line":58,"column":0}},"58":{"start":{"line":59,"column":0},"end":{"line":59,"column":27}},"59":{"start":{"line":60,"column":0},"end":{"line":60,"column":24}},"60":{"start":{"line":61,"column":0},"end":{"line":61,"column":37}},"61":{"start":{"line":62,"column":0},"end":{"line":62,"column":39}},"62":{"start":{"line":63,"column":0},"end":{"line":63,"column":47}},"63":{"start":{"line":64,"column":0},"end":{"line":64,"column":3}},"64":{"start":{"line":65,"column":0},"end":{"line":65,"column":152}},"65":{"start":{"line":66,"column":0},"end":{"line":66,"column":0}},"66":{"start":{"line":67,"column":0},"end":{"line":67,"column":51}},"67":{"start":{"line":68,"column":0},"end":{"line":68,"column":24}},"68":{"start":{"line":69,"column":0},"end":{"line":69,"column":17}},"69":{"start":{"line":70,"column":0},"end":{"line":70,"column":31}},"70":{"start":{"line":71,"column":0},"end":{"line":71,"column":35}},"71":{"start":{"line":72,"column":0},"end":{"line":72,"column":25}},"72":{"start":{"line":73,"column":0},"end":{"line":73,"column":29}},"73":{"start":{"line":74,"column":0},"end":{"line":74,"column":31}},"74":{"start":{"line":75,"column":0},"end":{"line":75,"column":22}},"75":{"start":{"line":76,"column":0},"end":{"line":76,"column":9}},"76":{"start":{"line":77,"column":0},"end":{"line":77,"column":5}},"77":{"start":{"line":78,"column":0},"end":{"line":78,"column":0}},"78":{"start":{"line":79,"column":0},"end":{"line":79,"column":37}},"79":{"start":{"line":80,"column":0},"end":{"line":80,"column":38}},"80":{"start":{"line":81,"column":0},"end":{"line":81,"column":19}},"81":{"start":{"line":82,"column":0},"end":{"line":82,"column":5}},"82":{"start":{"line":83,"column":0},"end":{"line":83,"column":0}},"83":{"start":{"line":84,"column":0},"end":{"line":84,"column":42}},"84":{"start":{"line":85,"column":0},"end":{"line":85,"column":46}},"85":{"start":{"line":86,"column":0},"end":{"line":86,"column":19}},"86":{"start":{"line":87,"column":0},"end":{"line":87,"column":5}},"87":{"start":{"line":88,"column":0},"end":{"line":88,"column":0}},"88":{"start":{"line":89,"column":0},"end":{"line":89,"column":37}},"89":{"start":{"line":90,"column":0},"end":{"line":90,"column":43}},"90":{"start":{"line":91,"column":0},"end":{"line":91,"column":19}},"91":{"start":{"line":92,"column":0},"end":{"line":92,"column":5}},"92":{"start":{"line":93,"column":0},"end":{"line":93,"column":0}},"93":{"start":{"line":94,"column":0},"end":{"line":94,"column":100}},"94":{"start":{"line":95,"column":0},"end":{"line":95,"column":51}},"95":{"start":{"line":96,"column":0},"end":{"line":96,"column":124}},"96":{"start":{"line":97,"column":0},"end":{"line":97,"column":5}},"97":{"start":{"line":98,"column":0},"end":{"line":98,"column":0}},"98":{"start":{"line":99,"column":0},"end":{"line":99,"column":105}},"99":{"start":{"line":100,"column":0},"end":{"line":100,"column":54}},"100":{"start":{"line":101,"column":0},"end":{"line":101,"column":125}},"101":{"start":{"line":102,"column":0},"end":{"line":102,"column":5}},"102":{"start":{"line":103,"column":0},"end":{"line":103,"column":0}},"103":{"start":{"line":104,"column":0},"end":{"line":104,"column":55}},"104":{"start":{"line":105,"column":0},"end":{"line":105,"column":99}},"105":{"start":{"line":106,"column":0},"end":{"line":106,"column":35}},"106":{"start":{"line":107,"column":0},"end":{"line":107,"column":7}},"107":{"start":{"line":108,"column":0},"end":{"line":108,"column":43}},"108":{"start":{"line":109,"column":0},"end":{"line":109,"column":160}},"109":{"start":{"line":110,"column":0},"end":{"line":110,"column":109}},"110":{"start":{"line":111,"column":0},"end":{"line":111,"column":166}},"111":{"start":{"line":112,"column":0},"end":{"line":112,"column":5}},"112":{"start":{"line":113,"column":0},"end":{"line":113,"column":0}},"113":{"start":{"line":114,"column":0},"end":{"line":114,"column":18}},"114":{"start":{"line":115,"column":0},"end":{"line":115,"column":13}},"115":{"start":{"line":116,"column":0},"end":{"line":116,"column":107}},"116":{"start":{"line":117,"column":0},"end":{"line":117,"column":87}},"117":{"start":{"line":118,"column":0},"end":{"line":118,"column":31}},"118":{"start":{"line":119,"column":0},"end":{"line":119,"column":7}},"119":{"start":{"line":120,"column":0},"end":{"line":120,"column":95}},"120":{"start":{"line":121,"column":0},"end":{"line":121,"column":5}},"121":{"start":{"line":122,"column":0},"end":{"line":122,"column":1}},"122":{"start":{"line":123,"column":0},"end":{"line":123,"column":0}},"123":{"start":{"line":124,"column":0},"end":{"line":124,"column":115}},"124":{"start":{"line":125,"column":0},"end":{"line":125,"column":169}},"125":{"start":{"line":126,"column":0},"end":{"line":126,"column":125}},"126":{"start":{"line":127,"column":0},"end":{"line":127,"column":52}},"127":{"start":{"line":128,"column":0},"end":{"line":128,"column":1}}},"s":{"0":1,"1":1,"2":1,"3":1,"4":1,"5":1,"6":1,"7":1,"8":1,"9":1,"10":1,"11":1,"12":1,"13":1,"14":1,"15":1,"16":1,"17":1,"18":1,"19":1,"20":1,"21":1,"22":1,"23":1,"24":1,"25":1,"26":1,"27":1,"28":1,"29":1,"30":1,"31":1,"32":1,"33":1,"34":1,"35":1,"36":1,"37":1,"38":1,"39":1,"40":1,"41":1,"42":1,"43":1,"44":1,"45":1,"46":1,"47":1,"48":1,"49":1,"50":1,"51":1,"52":1,"53":1,"54":1,"55":1,"56":1,"57":1,"58":1,"59":1,"60":1,"61":1,"62":1,"63":1,"64":1,"65":1,"66":1,"67":1,"68":1,"69":1,"70":1,"71":1,"72":1,"73":1,"74":1,"75":1,"76":1,"77":1,"78":1,"79":0,"80":0,"81":0,"82":1,"83":1,"84":0,"85":0,"86":0,"87":1,"88":1,"89":0,"90":0,"91":0,"92":1,"93":1,"94":0,"95":0,"96":0,"97":1,"98":1,"99":0,"100":0,"101":0,"102":1,"103":1,"104":0,"105":0,"106":0,"107":0,"108":0,"109":0,"110":0,"111":0,"112":1,"113":1,"114":1,"115":1,"116":1,"117":1,"118":1,"119":1,"120":1,"121":1,"122":1,"123":1,"124":1,"125":1,"126":1,"127":1},"branchMap":{"0":{"type":"branch","line":37,"loc":{"start":{"line":37,"column":4},"end":{"line":37,"column":153}},"locations":[{"start":{"line":37,"column":4},"end":{"line":37,"column":153}}]},"1":{"type":"branch","line":39,"loc":{"start":{"line":39,"column":11},"end":{"line":52,"column":5}},"locations":[{"start":{"line":39,"column":11},"end":{"line":52,"column":5}}]},"2":{"type":"branch","line":41,"loc":{"start":{"line":41,"column":34},"end":{"line":41,"column":71}},"locations":[{"start":{"line":41,"column":34},"end":{"line":41,"column":71}}]},"3":{"type":"branch","line":42,"loc":{"start":{"line":42,"column":38},"end":{"line":42,"column":80}},"locations":[{"start":{"line":42,"column":38},"end":{"line":42,"column":80}}]},"4":{"type":"branch","line":43,"loc":{"start":{"line":43,"column":53},"end":{"line":43,"column":77}},"locations":[{"start":{"line":43,"column":53},"end":{"line":43,"column":77}}]},"5":{"type":"branch","line":47,"loc":{"start":{"line":47,"column":40},"end":{"line":47,"column":64}},"locations":[{"start":{"line":47,"column":40},"end":{"line":47,"column":64}}]},"6":{"type":"branch","line":48,"loc":{"start":{"line":48,"column":30},"end":{"line":51,"column":9}},"locations":[{"start":{"line":48,"column":30},"end":{"line":51,"column":9}}]},"7":{"type":"branch","line":54,"loc":{"start":{"line":54,"column":11},"end":{"line":56,"column":5}},"locations":[{"start":{"line":54,"column":11},"end":{"line":56,"column":5}}]},"8":{"type":"branch","line":67,"loc":{"start":{"line":67,"column":4},"end":{"line":77,"column":5}},"locations":[{"start":{"line":67,"column":4},"end":{"line":77,"column":5}}]},"9":{"type":"branch","line":114,"loc":{"start":{"line":114,"column":11},"end":{"line":121,"column":5}},"locations":[{"start":{"line":114,"column":11},"end":{"line":121,"column":5}}]},"10":{"type":"branch","line":126,"loc":{"start":{"line":126,"column":7},"end":{"line":128,"column":1}},"locations":[{"start":{"line":126,"column":7},"end":{"line":128,"column":1}}]}},"b":{"0":[1],"1":[1],"2":[0],"3":[0],"4":[0],"5":[0],"6":[1],"7":[1],"8":[1],"9":[1],"10":[1]},"fnMap":{"0":{"name":"SingleProgram","decl":{"start":{"line":37,"column":4},"end":{"line":37,"column":153}},"loc":{"start":{"line":37,"column":4},"end":{"line":37,"column":153}},"line":37},"1":{"name":"program","decl":{"start":{"line":39,"column":11},"end":{"line":52,"column":5}},"loc":{"start":{"line":39,"column":11},"end":{"line":52,"column":5}},"line":39},"2":{"name":"run","decl":{"start":{"line":54,"column":11},"end":{"line":56,"column":5}},"loc":{"start":{"line":54,"column":11},"end":{"line":56,"column":5}},"line":54},"3":{"name":"SingleProgramBuilder","decl":{"start":{"line":67,"column":4},"end":{"line":77,"column":5}},"loc":{"start":{"line":67,"column":4},"end":{"line":77,"column":5}},"line":67},"4":{"name":"version","decl":{"start":{"line":79,"column":11},"end":{"line":82,"column":5}},"loc":{"start":{"line":79,"column":11},"end":{"line":82,"column":5}},"line":79},"5":{"name":"describe","decl":{"start":{"line":84,"column":11},"end":{"line":87,"column":5}},"loc":{"start":{"line":84,"column":11},"end":{"line":87,"column":5}},"line":84},"6":{"name":"example","decl":{"start":{"line":89,"column":11},"end":{"line":92,"column":5}},"loc":{"start":{"line":89,"column":11},"end":{"line":92,"column":5}},"line":89},"7":{"name":"args","decl":{"start":{"line":94,"column":11},"end":{"line":97,"column":5}},"loc":{"start":{"line":94,"column":11},"end":{"line":97,"column":5}},"line":94},"8":{"name":"flags","decl":{"start":{"line":99,"column":11},"end":{"line":102,"column":5}},"loc":{"start":{"line":99,"column":11},"end":{"line":102,"column":5}},"line":99},"9":{"name":"provide","decl":{"start":{"line":104,"column":11},"end":{"line":112,"column":5}},"loc":{"start":{"line":104,"column":11},"end":{"line":112,"column":5}},"line":104},"10":{"name":"action","decl":{"start":{"line":114,"column":11},"end":{"line":121,"column":5}},"loc":{"start":{"line":114,"column":11},"end":{"line":121,"column":5}},"line":114},"11":{"name":"createSingleProgram","decl":{"start":{"line":126,"column":7},"end":{"line":128,"column":1}},"loc":{"start":{"line":126,"column":7},"end":{"line":128,"column":1}},"line":126}},"f":{"0":1,"1":1,"2":1,"3":1,"4":0,"5":0,"6":0,"7":0,"8":0,"9":0,"10":1,"11":1}}
[...]
0},"end":{"line":111,"column":44}},"111":{"start":{"line":112,"column":0},"end":{"line":112,"column":54}},"112":{"start":{"line":113,"column":0},"end":{"line":113,"column":165}},"113":{"start":{"line":114,"column":0},"end":{"line":114,"column":0}},"114":{"start":{"line":115,"column":0},"end":{"line":115,"column":97}},"115":{"start":{"line":116,"column":0},"end":{"line":116,"column":71}},"116":{"start":{"line":117,"column":0},"end":{"line":117,"column":46}},"117":{"start":{"line":118,"column":0},"end":{"line":118,"column":101}},"118":{"start":{"line":119,"column":0},"end":{"line":119,"column":46}},"119":{"start":{"line":120,"column":0},"end":{"line":120,"column":44}},"120":{"start":{"line":121,"column":0},"end":{"line":121,"column":51}},"121":{"start":{"line":122,"column":0},"end":{"line":122,"column":117}},"122":{"start":{"line":123,"column":0},"end":{"line":123,"column":71}},"123":{"start":{"line":124,"column":0},"end":{"line":124,"column":46}},"124":{"start":{"line":125,"column":0},"end":{"line":125,"column":101}},"125":{"start":{"line":126,"column":0},"end":{"line":126,"column":20}},"126":{"start":{"line":127,"column":0},"end":{"line":127,"column":127}},"127":{"start":{"line":128,"column":0},"end":{"line":128,"column":13}},"128":{"start":{"line":129,"column":0},"end":{"line":129,"column":9}},"129":{"start":{"line":130,"column":0},"end":{"line":130,"column":0}},"130":{"start":{"line":131,"column":0},"end":{"line":131,"column":75}},"131":{"start":{"line":132,"column":0},"end":{"line":132,"column":36}},"132":{"start":{"line":133,"column":0},"end":{"line":133,"column":93}},"133":{"start":{"line":134,"column":0},"end":{"line":134,"column":43}},"134":{"start":{"line":135,"column":0},"end":{"line":135,"column":73}},"135":{"start":{"line":136,"column":0},"end":{"line":136,"column":127}},"136":{"start":{"line":137,"column":0},"end":{"line":137,"column":13}},"137":{"start":{"line":138,"column":0},"end":{"line":138,"column":67}},"138":{"start":{"line":139,"column":0},"end":{"line":139,"column":42}},"139":{"start":{"line":140,"column":0},"end":{"line":140,"column":97}},"140":{"start":{"line":141,"column":0},"end":{"line":141,"column":9}},"141":{"start":{"line":142,"column":0},"end":{"line":142,"column":0}},"142":{"start":{"line":143,"column":0},"end":{"line":143,"column":45}},"143":{"start":{"line":144,"column":0},"end":{"line":144,"column":39}},"144":{"start":{"line":145,"column":0},"end":{"line":145,"column":135}},"145":{"start":{"line":146,"column":0},"end":{"line":146,"column":71}},"146":{"start":{"line":147,"column":0},"end":{"line":147,"column":46}},"147":{"start":{"line":148,"column":0},"end":{"line":148,"column":101}},"148":{"start":{"line":149,"column":0},"end":{"line":149,"column":20}},"149":{"start":{"line":150,"column":0},"end":{"line":150,"column":62}},"150":{"start":{"line":151,"column":0},"end":{"line":151,"column":176}},"151":{"start":{"line":152,"column":0},"end":{"line":152,"column":71}},"152":{"start":{"line":153,"column":0},"end":{"line":153,"column":99}},"153":{"start":{"line":154,"column":0},"end":{"line":154,"column":71}},"154":{"start":{"line":155,"column":0},"end":{"line":155,"column":46}},"155":{"start":{"line":156,"column":0},"end":{"line":156,"column":101}},"156":{"start":{"line":157,"column":0},"end":{"line":157,"column":13}},"157":{"start":{"line":158,"column":0},"end":{"line":158,"column":9}},"158":{"start":{"line":159,"column":0},"end":{"line":159,"column":5}},"159":{"start":{"line":160,"column":0},"end":{"line":160,"column":0}},"160":{"start":{"line":161,"column":0},"end":{"line":161,"column":12}},"161":{"start":{"line":162,"column":0},"end":{"line":162,"column":25}},"162":{"start":{"line":163,"column":0},"end":{"line":163,"column":27}},"163":{"start":{"line":164,"column":0},"end":{"line":164,"column":17}},"164":{"start":{"line":165,"column":0},"end":{"line":165,"column":5}},"165":{"start":{"line":166,"column":0},"end":{"line":166,"column":1}}},"s":{"0":1,"1":1,"2":1,"3":1,"4":1,"5":1,"6":79,"7":67,"8":67,"9":1,"10":1,"11":67,"12":1,"13":1,"14":67,"15":67,"16":7,"17":1,"18":1,"19":7,"20":2,"21":2,"22":4,"23":7,"24":1,"25":1,"26":7,"27":67,"28":67,"29":0,"30":0,"31":67,"32":73,"33":1,"34":1,"35":45,"36":45,"37":45,"38":45,"39":45,"40":8,"41":8,"42":1,"43":1,"44":7,"45":7,"46":7,"47":44,"48":44,"49":44,"50":1,"51":1,"52":28,"53":28,"54":28,"55":28,"56":28,"57":4,"58":4,"59":28,"60":28,"61":28,"62":28,"63":28,"64":28,"65":28,"66":28,"67":28,"68":52,"69":52,"70":52,"71":52,"72":52,"73":10,"74":10,"75":3,"76":3,"77":3,"78":10,"79":10,"80":8,"81":8,"82":3,"83":3,"84":2,"85":2,"86":3,"87":3,"88":5,"89":8,"90":10,"91":1,"92":1,"93":1,"94":1,"95":7,"96":7,"97":42,"98":52,"99":22,"100":21,"101":6,"102":6,"103":6,"104":21,"105":21,"106":1,"107":1,"108":20,"109":52,"110":1,"111":1,"112":1,"113":0,"114":0,"115":0,"116":0,"117":0,"118":1,"119":0,"120":0,"121":0,"122":0,"123":0,"124":0,"125":0,"126":0,"127":0,"128":1,"129":19,"130":52,"131":1,"132":1,"133":1,"134":1,"135":1,"136":1,"137":0,"138":0,"139":0,"140":1,"141":18,"142":52,"143":3,"144":1,"145":1,"146":1,"147":1,"148":3,"149":2,"150":2,"151":1,"152":1,"153":1,"154":1,"155":2,"156":2,"157":3,"158":52,"159":24,"160":24,"161":24,"162":24,"163":24,"164":24,"165":24},"branchMap":{"0":{"type":"branch","line":6,"loc":{"start":{"line":6,"column":7},"end":{"line":33,"column":1}},"locations":[{"start":{"line":6,"column":7},"end":{"line":33,"column":1}}]},"1":{"type":"branch","line":7,"loc":{"start":{"line":7,"column":54},"end":{"line":32,"column":5}},"locations":[{"start":{"line":7,"column":54},"end":{"line":32,"column":5}}]},"2":{"type":"branch","line":9,"loc":{"start":{"line":9,"column":20},"end":{"line":9,"column":53}},"locations":[{"start":{"line":9,"column":20},"end":{"line":9,"column":53}}]},"3":{"type":"branch","line":9,"loc":{"start":{"line":9,"column":53},"end":{"line":11,"column":9}},"locations":[{"start":{"line":9,"column":53},"end":{"line":11,"column":9}}]},"4":{"type":"branch","line":11,"loc":{"start":{"line":11,"column":8},"end":{"line":12,"column":29}},"locations":[{"start":{"line":11,"column":8},"end":{"line":12,"column":29}}]},"5":{"type":"branch","line":12,"loc":{"start":{"line":12,"column":20},"end":{"line":12,"column":59}},"locations":[{"start":{"line":12,"column":20},"end":{"line":12,"column":59}}]},"6":{"type":"branch","line":12,"loc":{"start":{"line":12,"column":59},"end":{"line":14,"column":9}},"locations":[{"start":{"line":12,"column":59},"end":{"line":14,"column":9}}]},"7":{"type":"branch","line":14,"loc":{"start":{"line":14,"column":8},"end":{"line":15,"column":43}},"locations":[{"start":{"line":14,"column":8},"end":{"line":15,"column":43}}]},"8":{"type":"branch","line":15,"loc":{"start":{"line":15,"column":28},"end":{"line":15,"column":50}},"locations":[{"start":{"line":15,"column":28},"end":{"line":15,"column":50}}]},"9":{"type":"branch","line":15,"loc":{"start":{"line":15,"column":43},"end":{"line":15,"column":72}},"locations":[{"start":{"line":15,"column":43},"end":{"line":15,"column":72}}]},"10":{"type":"branch","line":16,"loc":{"start":{"line":16,"column":33},"end":{"line":27,"column":9}},"locations":[{"start":{"line":16,"column":33},"end":{"line":27,"column":9}}]},"11":{"type":"branch","line":17,"loc":{"start":{"line":17,"column":31},"end":{"line":19,"column":13}},"locations":[{"start":{"line":17,"column":31},"end":{"line":19,"column":13}}]},"12":{"type":"branch","line":19,"loc":{"start":{"line":19,"column":12},"end":{"line":20,"column":30}},"locations":[{"start":{"line":19,"column":12},"end":{"line":20,"column":30}}]},"13":{"type":"branch","line":20,"loc":{"start":{"line":20,"column":30},"end":{"line":22,"column":13}},"locations":[{"start":{"line":20,"column":30},"end":{"line":22,"column":13}}]},"14":{"type":"branch","line":22,"loc":{"start":{"line":22,"column":12},"end":{"line":24,"column":31}},"locations":[{"start":{"line":22,"column":12},"end":{"line":24,"column":31}}]},"15":{"type":"branch","line":24,"loc":{"start":{"line":24,"column":16},"end":{"line":24,"column":65}},"locations":[{"start":{"line":24,"column":16},"end":{"line":24,"column":65}}]},"16":{"type":"branch","line":24,"loc":{"start":{"line":24,"column":65},"end":{"line":26,"column":13}},"locations":[{"start":{"line":24,"column":65},"end":{"line":26,"column":13}}]},"17":{"type":"branch","line":27,"loc":{"start":{"line":27,"column":8},"end":{"line":28,"column":82}},"locations":[{"start":{"line":27,"column":8},"end":{"line":28,"column":82}}]},"18":{"type":"branch","line":28,"loc":{"start":{"line":28,"column":72},"end":{"line":28,"column":86}},"locations":[{"start":{"line":28,"column":72},"end":{"line":28,"column":86}}]},"19":{"type":"branch","line":29,"loc":{"start":{"line":29,"column":28},"end":{"line":31,"column":9}},"locations":[{"start":{"line":29,"column":28},"end":{"line":31,"column":9}}]},"20":{"type":"branch","line":32,"loc":{"start":{"line":32,"column":4},"end":{"line":33,"column":1}},"locations":[{"start":{"line":32,"column":4},"end":{"line":33,"column":1}}]},"21":{"type":"branch","line":35,"loc":{"start":{"line":35,"column":7},"end":{"line":50,"column":1}},"locations":[{"start":{"line":35,"column":7},"end":{"line":50,"column":1}}]},"22":{"type":"branch","line":37,"loc":{"start":{"line":37,"column":17},"end":{"line":37,"column":44}},"locations":[{"start":{"line":37,"column":17},"end":{"line":37,"column":44}}]},"23":{"type":"branch","line":40,"loc":{"start":{"line":40,"column":52},"end":{"line":47,"column":5}},"locations":[{"start":{"line":40,"column":52},"end":{"line":47,"column":5}}]},"24":{"type":"branch","line":42,"loc":{"start":{"line":42,"column":28},"end":{"line":42,"column":55}},"locations":[{"start":{"line":42,"column":28},"end":{"line":42,"column":55}}]},"25":{"type":"branch","line":42,"loc":{"start":{"line":42,"column":55},"end":{"line":44,"column":9}},"locations":[{"start":{"line":42,"column":55},"end":{"line":44,"column":9}}]},"26":{"type":"branch","line":44,"loc":{"start":{"line":44,"column":8},"end":{"line":47,"column":5}},"locations":[{"start":{"line":44,"column":8},"end":{"line":47,"column":5}}]},"27":{"type":"branch","line":47,"loc":{"start":{"line":47,"column":4},"end":{"line":50,"column":1}},"locations":[{"start":{"line":47,"column":4},"end":{"line":50,"column":1}}]},"28":{"type":"branch","line":52,"loc":{"start":{"line":52,"column":7},"end":{"line":166,"column":1}},"locations":[{"start":{"line":52,"column":7},"end":{"line":166,"column":1}}]},"29":{"type":"branch","line":68,"loc":{"start":{"line":68,"column":54},"end":{"line":159,"column":5}},"locations":[{"start":{"line":68,"column":54},"end":{"line":159,"column":5}}]},"30":{"type":"branch","line":70,"loc":{"start":{"line":70,"column":29},"end":{"line":70,"column":51}},"locations":[{"start":{"line":70,"column":29},"end":{"line":70,"column":51}}]},"31":{"type":"branch","line":70,"loc":{"start":{"line":70,"column":44},"end":{"line":70,"column":102}},"locations":[{"start":{"line":70,"column":44},"end":{"line":70,"column":102}}]},"32":{"type":"branch","line":73,"loc":{"start":{"line":73,"column":28},"end":{"line":97,"column":9}},"locations":[{"start":{"line":73,"column":28},"end":{"line":97,"column":9}}]},"33":{"type":"branch","line":75,"loc":{"start":{"line":75,"column":65},"end":{"line":78,"column":13}},"locations":[{"start":{"line":75,"column":65},"end":{"line":78,"column":13}}]},"34":{"type":"branch","line":76,"loc":{"start":{"line":76,"column":44},"end":{"line":76,"column":77}},"locations":[{"start":{"line":76,"column":44},"end":{"line":76,"column":77}}]},"35":{"type":"branch","line":80,"loc":{"start":{"line":80,"column":37},"end":{"line":91,"column":23}},"locations":[{"start":{"line":80,"column":37},"end":{"line":91,"column":23}}]},"36":{"type":"branch","line":82,"loc":{"start":{"line":82,"column":51},"end":{"line":88,"column":17}},"locations":[{"start":{"line":82,"column":51},"end":{"line":88,"column":17}}]},"37":{"type":"branch","line":84,"loc":{"start":{"line":84,"column":63},"end":{"line":86,"column":21}},"locations":[{"start":{"line":84,"column":63},"end":{"line":86,"column":21}}]},"38":{"type":"branch","line":88,"loc":{"start":{"line":88,"column":16},"end":{"line":90,"column":46}},"locations":[{"start":{"line":88,"column":16},"end":{"line":90,"column":46}}]},"39":{"type":"branch","line":90,"loc":{"start":{"line":90,"column":34},"end":{"line":90,"column":143}},"locations":[{"start":{"line":90,"column":34},"end":{"line":90,"column":143}}]},"40":{"type":"branch","line":91,"loc":{"start":{"line":91,"column":12},"end":{"line":95,"column":13}},"locations":[{"start":{"line":91,"column":12},"end":{"line":95,"column":13}}]},"41":{"type":"branch","line":91,"loc":{"start":{"line":91,"column":51},"end":{"line":95,"column":13}},"locations":[{"start":{"line":91,"column":51},"end":{"line":95,"column":13}}]},"42":{"type":"branch","line":94,"loc":{"start":{"line":94,"column":34},"end":{"line":94,"column":142}},"locations":[{"start":{"line":94,"column":34},"end":{"line":94,"column":142}}]},"43":{"type":"branch","line":95,"loc":{"start":{"line":95,"column":12},"end":{"line":97,"column":9}},"locations":[{"start":{"line":95,"column":12},"end":{"line":97,"column":9}}]},"44":{"type":"branch","line":97,"loc":{"start":{"line":97,"column":8},"end":{"line":99,"column":33}},"locations":[{"start":{"line":97,"column":8},"end":{"line":99,"column":33}}]},"45":{"type":"branch","line":99,"loc":{"start":{"line":99,"column":33},"end":{"line":108,"column":9}},"locations":[{"start":{"line":99,"column":33},"end":{"line":108,"column":9}}]},"46":{"type":"branch","line":100,"loc":{"start":{"line":100,"column":52},"end":{"line":106,"column":13}},"locations":[{"start":{"line":100,"column":52},"end":{"line":106,"column":13}}]},"47":{"type":"branch","line":101,"loc":{"start":{"line":101,"column":62},"end":{"line":104,"column":17}},"locations":[{"start":{"line":101,"column":62},"end":{"line":104,"column":17}}]},"48":{"type":"branch","line":103,"loc":{"start":{"line":103,"column":38},"end":{"line":103,"column":168}},"locations":[{"start":{"line":103,"column":38},"end":{"line":103,"column":168}}]},"49":{"type":"branch","line":106,"loc":{"start":{"line":106,"column":12},"end":{"line":108,"column":9}},"locations":[{"start":{"line":106,"column":12},"end":{"line":108,"column":9}}]},"50":{"type":"branch","line":108,"loc":{"start":{"line":108,"column":8},"end":{"line":110,"column":47}},"locations":[{"start":{"line":108,"column":8},"end":{"line":110,"column":47}}]},"51":{"type":"branch","line":110,"loc":{"start":{"line":110,"column":35},"end":{"line":110,"column":74}},"locations":[{"start":{"line":110,"column":35},"end":{"line":110,"column":74}}]},"52":{"type":"branch","line":110,"loc":{"start":{"line":110,"column":74},"end":{"line":129,"column":9}},"locations":[{"start":{"line":110,"column":74},"end":{"line":129,"column":9}}]},"53":{"type":"branch","line":113,"loc":{"start":{"line":113,"column":30},"end":{"line":113,"column":59}},"locations":[{"start":{"line":113,"column":30},"end":{"line":113,"column":59}}]},"54":{"type":"branch","line":113,"loc":{"start":{"line":113,"column":164},"end":{"line":118,"column":101}},"locations":[{"start":{"line":113,"column":164},"end":{"line":118,"column":101}}]},"55":{"type":"branch","line":119,"loc":{"start":{"line":119,"column":12},"end":{"line":128,"column":13}},"locations":[{"start":{"line":119,"column":12},"end":{"line":128,"column":13}}]},"56":{"type":"branch","line":129,"loc":{"start":{"line":129,"column":8},"end":{"line":131,"column":47}},"locations":[{"start":{"line":129,"column":8},"end":{"line":131,"column":47}}]},"57":{"type":"branch","line":131,"loc":{"start":{"line":131,"column":35},"end":{"line":131,"column":74}},"locations":[{"start":{"line":131,"column":35},"end":{"line":131,"column":74}}]},"58":{"type":"branch","line":131,"loc":{"start":{"line":131,"column":74},"end":{"line":141,"column":9}},"locations":[{"start":{"line":131,"column":74},"end":{"line":141,"column":9}}]},"59":{"type":"branch","line":137,"loc":{"start":{"line":137,"column":12},"end":{"line":140,"column":97}},"locations":[{"start":{"line":137,"column":12},"end":{"line":140,"column":97}}]},"60":{"type":"branch","line":141,"loc":{"start":{"line":141,"column":8},"end":{"line":143,"column":44}},"locations":[{"start":{"line":141,"column":8},"end":{"line":143,"column":44}}]},"61":{"type":"branch","line":143,"loc":{"start":{"line":143,"column":44},"end":{"line":158,"column":9}},"locations":[{"start":{"line":143,"column":44},"end":{"line":158,"column":9}}]},"62":{"type":"branch","line":144,"loc":{"start":{"line":144,"column":38},"end":{"line":149,"column":19}},"locations":[{"start":{"line":144,"column":38},"end":{"line":149,"column":19}}]},"63":{"type":"branch","line":148,"loc":{"start":{"line":148,"column":34},"end":{"line":148,"column":101}},"locations":[{"start":{"line":148,"column":34},"end":{"line":148,"column":101}}]},"64":{"type":"branch","line":149,"loc":{"start":{"line":149,"column":12},"end":{"line":157,"column":13}},"locations":[{"start":{"line":149,"column":12},"end":{"line":157,"column":13}}]},"65":{"type":"branch","line":151,"loc":{"start":{"line":151,"column":65},"end":{"line":156,"column":46}},"locations":[{"start":{"line":151,"column":65},"end":{"line":156,"column":46}}]},"66":{"type":"branch","line":156,"loc":{"start":{"line":156,"column":34},"end":{"line":156,"column":101}},"locations":[{"start":{"line":156,"column":34},"end":{"line":156,"column":101}}]},"67":{"type":"branch","line":159,"loc":{"start":{"line":159,"column":4},"end":{"line":166,"column":1}},"locations":[{"start":{"line":159,"column":4},"end":{"line":166,"column":1}}]},"68":{"type":"branch","line":57,"loc":{"start":{"line":57,"column":48},"end":{"line":60,"column":7}},"locations":[{"start":{"line":57,"column":48},"end":{"line":60,"column":7}}]},"69":{"type":"branch","line":145,"loc":{"start":{"line":145,"column":46},"end":{"line":145,"column":86}},"locations":[{"start":{"line":145,"column":46},"end":{"line":145,"column":86}}]},"70":{"type":"branch","line":145,"loc":{"start":{"line":145,"column":63},"end":{"line":145,"column":75}},"locations":[{"start":{"line":145,"column":63},"end":{"line":145,"column":75}}]}},"b":{"0":[79],"1":[67],"2":[8],"3":[1],"4":[66],"5":[53],"6":[1],"7":[65],"8":[2],"9":[63],"10":[7],"11":[1],"12":[6],"13":[2],"14":[4],"15":[2],"16":[1],"17":[61],"18":[0],"19":[0],"20":[73],"21":[45],"22":[1],"23":[8],"24":[5],"25":[1],"26":[7],"27":[44],"28":[28],"29":[52],"30":[2],"31":[50],"32":[10],"33":[3],"34":[0],"35":[8],"36":[3],"37":[2],"38":[5],"39":[0],"40":[2],"41":[1],"42":[0],"43":[7],"44":[42],"45":[22],"46":[21],"47":[6],"48":[0],"49":[1],"50":[20],"51":[15],"52":[1],"53":[0],"54":[0],"55":[0],"56":[19],"57":[2],"58":[1],"59":[0],"60":[18],"61":[3],"62":[1],"63":[0],"64":[2],"65":[1],"66":[0],"67":[24],"68":[4],"69":[2],"70":[0]},"fnMap":{"0":{"name":"registerFlags","decl":{"start":{"line":6,"column":7},"end":{"line":33,"column":1}},"loc":{"start":{"line":6,"column":7},"end":{"line":33,"column":1}},"line":6},"1":{"name":"commandUsage","decl":{"start":{"line":35,"column":7},"end":{"line":50,"column":1}},"loc":{"start":{"line":35,"column":7},"end":{"line":50,"column":1}},"line":35},"2":{"name":"commandContext","decl":{"start":{"line":52,"column":7},"end":{"line":166,"column":1}},"loc":{"start":{"line":52,"column":7},"end":{"line":166,"column":1}},"line":52}},"f":{"0":79,"1":45,"2":28}}
,"/Users/eriicafes/Developer/node/commandstruct/tests/utils.ts": {"path":"/Users/eriicafes/Developer/node/commandstruct/tests/utils.ts","all":false,"statementMap":{"0":{"start":{"line":1,"column":0},"end":{"line":1,"column":74}}},"s":{"0":1},"branchMap":{"0":{"type":"branch","line":1,"loc":{"start":{"line":1,"column":24},"end":{"line":1,"column":74}},"locations":[{"start":{"line":1,"column":24},"end":{"line":1,"column":74}}]}},"b":{"0":[36]},"fnMap":{"0":{"name":"withArgv","decl":{"start":{"line":1,"column":24},"end":{"line":1,"column":74}},"loc":{"start":{"line":1,"column":24},"end":{"line":1,"column":74}},"line":1}},"f":{"0":36}}
}
